#
# There is insufficient memory for the Java Runtime Environment to continue.
# Native memory allocation (mmap) failed to map 16994304 bytes for committing reserved memory.
# Possible reasons:
#   The system is out of physical RAM or swap space
#   In 32 bit mode, the process size limit was hit
# Possible solutions:
#   Reduce memory load on the system
#   Increase physical memory or swap space
#   Check if swap backing store is full
#   Use 64 bit Java on a 64 bit OS
#   Decrease Java heap size (-Xmx/-Xms)
#   Decrease number of Java threads
#   Decrease Java thread stack sizes (-Xss)
#   Set larger code cache with -XX:ReservedCodeCacheSize=
# This output file may be truncated or incomplete.
#
#  Out of Memory Error (os_linux.cpp:2627), pid=13573, tid=0x00007f214c1f1700
#
# JRE version: Java(TM) SE Runtime Environment (8.0_111-b14) (build 1.8.0_111-b14)
# Java VM: Java HotSpot(TM) 64-Bit Server VM (25.111-b14 mixed mode linux-amd64 compressed oops)
# Failed to write core dump. Core dumps have been disabled. To enable core dumping, try "ulimit -c unlimited" before starting Java again
#

---------------  T H R E A D  ---------------

Current thread (0x00007f215c06e800):  VMThread [stack: 0x00007f214c0f1000,0x00007f214c1f2000] [id=13583]

Stack: [0x00007f214c0f1000,0x00007f214c1f2000],  sp=0x00007f214c1f0150,  free space=1020k
Native frames: (J=compiled Java code, j=interpreted, Vv=VM code, C=native code)
V  [libjvm.so+0xac5c2a]  VMError::report_and_die()+0x2ba
V  [libjvm.so+0x4fc50b]  report_vm_out_of_memory(char const*, int, unsigned long, VMErrorType, char const*)+0x8b
V  [libjvm.so+0x922ae3]  os::Linux::commit_memory_impl(char*, unsigned long, bool)+0x103
V  [libjvm.so+0x923039]  os::pd_commit_memory(char*, unsigned long, unsigned long, bool)+0x29
V  [libjvm.so+0x91d33a]  os::commit_memory(char*, unsigned long, unsigned long, bool)+0x2a
V  [libjvm.so+0xac1989]  VirtualSpace::expand_by(unsigned long, bool)+0x199
V  [libjvm.so+0x5f8fa5]  OneContigSpaceCardGeneration::grow_by(unsigned long)+0x25
V  [libjvm.so+0x5f936f]  CardGeneration::expand(unsigned long, unsigned long)+0x6f
V  [libjvm.so+0x5f941e]  OneContigSpaceCardGeneration::expand(unsigned long, unsigned long)+0x3e
V  [libjvm.so+0x5ea6d4]  GenCollectedHeap::do_collection(bool, bool, unsigned long, bool, int)+0x734
V  [libjvm.so+0x4874e4]  GenCollectorPolicy::satisfy_failed_allocation(unsigned long, bool)+0x134
V  [libjvm.so+0xac6c34]  VM_GenCollectForAllocation::doit()+0x94
V  [libjvm.so+0xacf125]  VM_Operation::evaluate()+0x55
V  [libjvm.so+0xacd4fa]  VMThread::evaluate_operation(VM_Operation*)+0xba
V  [libjvm.so+0xacd87e]  VMThread::loop()+0x1ce
V  [libjvm.so+0xacdcf0]  VMThread::run()+0x70
V  [libjvm.so+0x924ea8]  java_start(Thread*)+0x108

VM_Operation (0x00007f21630788e0): GenCollectForAllocation, mode: safepoint, requested by thread 0x00007f215c00a000


---------------  P R O C E S S  ---------------

Java Threads: ( => current thread )
  0x00007f215c0b4800 JavaThread "Service Thread" daemon [_thread_blocked, id=13589, stack(0x00007f2147871000,0x00007f2147972000)]
  0x00007f215c0b1000 JavaThread "C1 CompilerThread1" daemon [_thread_blocked, id=13588, stack(0x00007f2147972000,0x00007f2147a73000)]
  0x00007f215c0af000 JavaThread "C2 CompilerThread0" daemon [_thread_blocked, id=13587, stack(0x00007f2147a73000,0x00007f2147b74000)]
  0x00007f215c0ad800 JavaThread "Signal Dispatcher" daemon [_thread_blocked, id=13586, stack(0x00007f2147b74000,0x00007f2147c75000)]
  0x00007f215c07a800 JavaThread "Finalizer" daemon [_thread_blocked, id=13585, stack(0x00007f2147dfe000,0x00007f2147eff000)]
  0x00007f215c076000 JavaThread "Reference Handler" daemon [_thread_blocked, id=13584, stack(0x00007f2147eff000,0x00007f2148000000)]
  0x00007f215c00a000 JavaThread "main" [_thread_blocked, id=13582, stack(0x00007f2162f7c000,0x00007f216307d000)]

Other Threads:
=>0x00007f215c06e800 VMThread [stack: 0x00007f214c0f1000,0x00007f214c1f2000] [id=13583]
  0x00007f215c0b7800 WatcherThread [stack: 0x00007f2147770000,0x00007f2147871000] [id=13590]

VM state:at safepoint (normal execution)

VM Mutex/Monitor currently owned by a thread:  ([mutex/lock_event])
[0x00007f215c0060e0] Threads_lock - owner thread: 0x00007f215c06e800
[0x00007f215c0065e0] Heap_lock - owner thread: 0x00007f215c00a000

Heap:
 def new generation   total 10048K, used 537K [0x00000000f0600000, 0x00000000f10e0000, 0x00000000f5950000)
  eden space 8960K,   5% used [0x00000000f0600000, 0x00000000f0686438, 0x00000000f0ec0000)
  from space 1088K,   0% used [0x00000000f0ec0000, 0x00000000f0ec0000, 0x00000000f0fd0000)
  to   space 1088K,   0% used [0x00000000f0fd0000, 0x00000000f0fd0000, 0x00000000f10e0000)
 tenured generation   total 24892K, used 24891K [0x00000000f5950000, 0x00000000f719f000, 0x0000000100000000)
   the space 24892K,  99% used [0x00000000f5950000, 0x00000000f719efd8, 0x00000000f719f000, 0x00000000f719f000)
 Metaspace       used 21075K, capacity 21504K, committed 21760K, reserved 1069056K
  class space    used 2543K, capacity 2694K, committed 2816K, reserved 1048576K

Card table byte_map: [0x00007f2162efe000,0x00007f2162f7c000] byte_map_base: 0x00007f216277b000

Polling page: 0x00007f216308a000

CodeCache: size=245760Kb used=7982Kb max_used=8059Kb free=237777Kb
 bounds [0x00007f214d000000, 0x00007f214d800000, 0x00007f215c000000]
 total_blobs=3216 nmethods=2841 adapters=289
 compilation: enabled

Compilation events (10 events):
Event: 6.393 Thread 0x00007f215c0b1000 3129 %     3       java.util.ComparableTimSort::mergeLo @ 147 (656 bytes)
Event: 6.395 Thread 0x00007f215c0b1000 nmethod 3129% 0x00007f214d4e9f10 code [0x00007f214d4ea260, 0x00007f214d4ec688]
Event: 6.395 Thread 0x00007f215c0b1000 3130       3       java.util.ComparableTimSort::mergeLo (656 bytes)
Event: 6.397 Thread 0x00007f215c0b1000 nmethod 3130 0x00007f214d554150 code [0x00007f214d5544a0, 0x00007f214d556848]
Event: 6.417 Thread 0x00007f215c0b1000 3131       2       java.io.File::lastModified (33 bytes)
Event: 6.417 Thread 0x00007f215c0b1000 nmethod 3131 0x00007f214d4dee10 code [0x00007f214d4defa0, 0x00007f214d4df1a0]
Event: 6.464 Thread 0x00007f215c0b1000 3135 %     3       java.util.ComparableTimSort::mergeHi @ 185 (729 bytes)
Event: 6.466 Thread 0x00007f215c0b1000 nmethod 3135% 0x00007f214d4f0550 code [0x00007f214d4f08a0, 0x00007f214d4f2dc8]
Event: 6.466 Thread 0x00007f215c0b1000 3136       3       java.util.ComparableTimSort::mergeHi (729 bytes)
Event: 6.468 Thread 0x00007f215c0b1000 nmethod 3136 0x00007f214d5d2210 code [0x00007f214d5d2560, 0x00007f214d5d49e8]

GC Heap History (10 events):
Event: 5.785 GC heap after
Heap after GC invocations=41 (full 2):
 def new generation   total 10048K, used 989K [0x00000000f0600000, 0x00000000f10e0000, 0x00000000f5950000)
  eden space 8960K,   0% used [0x00000000f0600000, 0x00000000f0600000, 0x00000000f0ec0000)
  from space 1088K,  90% used [0x00000000f0fd0000, 0x00000000f10c7428, 0x00000000f10e0000)
  to   space 1088K,   0% used [0x00000000f0ec0000, 0x00000000f0ec0000, 0x00000000f0fd0000)
 tenured generation   total 22204K, used 15830K [0x00000000f5950000, 0x00000000f6eff000, 0x0000000100000000)
   the space 22204K,  71% used [0x00000000f5950000, 0x00000000f68c5a80, 0x00000000f68c5c00, 0x00000000f6eff000)
 Metaspace       used 19233K, capacity 19744K, committed 19968K, reserved 1067008K
  class space    used 2318K, capacity 2470K, committed 2560K, reserved 1048576K
}
Event: 6.063 GC heap before
{Heap before GC invocations=41 (full 2):
 def new generation   total 10048K, used 9946K [0x00000000f0600000, 0x00000000f10e0000, 0x00000000f5950000)
  eden space 8960K,  99% used [0x00000000f0600000, 0x00000000f0ebf528, 0x00000000f0ec0000)
  from space 1088K,  90% used [0x00000000f0fd0000, 0x00000000f10c7428, 0x00000000f10e0000)
  to   space 1088K,   0% used [0x00000000f0ec0000, 0x00000000f0ec0000, 0x00000000f0fd0000)
 tenured generation   total 22204K, used 15830K [0x00000000f5950000, 0x00000000f6eff000, 0x0000000100000000)
   the space 22204K,  71% used [0x00000000f5950000, 0x00000000f68c5a80, 0x00000000f68c5c00, 0x00000000f6eff000)
 Metaspace       used 20652K, capacity 21088K, committed 21376K, reserved 1069056K
  class space    used 2507K, capacity 2662K, committed 2688K, reserved 1048576K
Event: 6.070 GC heap after
Heap after GC invocations=42 (full 2):
 def new generation   total 10048K, used 878K [0x00000000f0600000, 0x00000000f10e0000, 0x00000000f5950000)
  eden space 8960K,   0% used [0x00000000f0600000, 0x00000000f0600000, 0x00000000f0ec0000)
  from space 1088K,  80% used [0x00000000f0ec0000, 0x00000000f0f9b910, 0x00000000f0fd0000)
  to   space 1088K,   0% used [0x00000000f0fd0000, 0x00000000f0fd0000, 0x00000000f10e0000)
 tenured generation   total 22204K, used 16623K [0x00000000f5950000, 0x00000000f6eff000, 0x0000000100000000)
   the space 22204K,  74% used [0x00000000f5950000, 0x00000000f698bee8, 0x00000000f698c000, 0x00000000f6eff000)
 Metaspace       used 20652K, capacity 21088K, committed 21376K, reserved 1069056K
  class space    used 2507K, capacity 2662K, committed 2688K, reserved 1048576K
}
Event: 6.077 GC heap before
{Heap before GC invocations=42 (full 2):
 def new generation   total 10048K, used 9821K [0x00000000f0600000, 0x00000000f10e0000, 0x00000000f5950000)
  eden space 8960K,  99% used [0x00000000f0600000, 0x00000000f0ebbe08, 0x00000000f0ec0000)
  from space 1088K,  80% used [0x00000000f0ec0000, 0x00000000f0f9b910, 0x00000000f0fd0000)
  to   space 1088K,   0% used [0x00000000f0fd0000, 0x00000000f0fd0000, 0x00000000f10e0000)
 tenured generation   total 22204K, used 16623K [0x00000000f5950000, 0x00000000f6eff000, 0x0000000100000000)
   the space 22204K,  74% used [0x00000000f5950000, 0x00000000f698bee8, 0x00000000f698c000, 0x00000000f6eff000)
 Metaspace       used 20652K, capacity 21088K, committed 21376K, reserved 1069056K
  class space    used 2507K, capacity 2662K, committed 2688K, reserved 1048576K
Event: 6.079 GC heap after
Heap after GC invocations=43 (full 2):
 def new generation   total 10048K, used 39K [0x00000000f0600000, 0x00000000f10e0000, 0x00000000f5950000)
  eden space 8960K,   0% used [0x00000000f0600000, 0x00000000f0600000, 0x00000000f0ec0000)
  from space 1088K,   3% used [0x00000000f0fd0000, 0x00000000f0fd9ce0, 0x00000000f10e0000)
  to   space 1088K,   0% used [0x00000000f0ec0000, 0x00000000f0ec0000, 0x00000000f0fd0000)
 tenured generation   total 22204K, used 17483K [0x00000000f5950000, 0x00000000f6eff000, 0x0000000100000000)
   the space 22204K,  78% used [0x00000000f5950000, 0x00000000f6a62e60, 0x00000000f6a63000, 0x00000000f6eff000)
 Metaspace       used 20652K, capacity 21088K, committed 21376K, reserved 1069056K
  class space    used 2507K, capacity 2662K, committed 2688K, reserved 1048576K
}
Event: 6.111 GC heap before
{Heap before GC invocations=43 (full 2):
 def new generation   total 10048K, used 8999K [0x00000000f0600000, 0x00000000f10e0000, 0x00000000f5950000)
  eden space 8960K, 100% used [0x00000000f0600000, 0x00000000f0ec0000, 0x00000000f0ec0000)
  from space 1088K,   3% used [0x00000000f0fd0000, 0x00000000f0fd9ce0, 0x00000000f10e0000)
  to   space 1088K,   0% used [0x00000000f0ec0000, 0x00000000f0ec0000, 0x00000000f0fd0000)
 tenured generation   total 22204K, used 17483K [0x00000000f5950000, 0x00000000f6eff000, 0x0000000100000000)
   the space 22204K,  78% used [0x00000000f5950000, 0x00000000f6a62e60, 0x00000000f6a63000, 0x00000000f6eff000)
 Metaspace       used 20653K, capacity 21152K, committed 21376K, reserved 1069056K
  class space    used 2507K, capacity 2662K, committed 2688K, reserved 1048576K
Event: 6.113 GC heap after
Heap after GC invocations=44 (full 2):
 def new generation   total 10048K, used 324K [0x00000000f0600000, 0x00000000f10e0000, 0x00000000f5950000)
  eden space 8960K,   0% used [0x00000000f0600000, 0x00000000f0600000, 0x00000000f0ec0000)
  from space 1088K,  29% used [0x00000000f0ec0000, 0x00000000f0f110f8, 0x00000000f0fd0000)
  to   space 1088K,   0% used [0x00000000f0fd0000, 0x00000000f0fd0000, 0x00000000f10e0000)
 tenured generation   total 22204K, used 17483K [0x00000000f5950000, 0x00000000f6eff000, 0x0000000100000000)
   the space 22204K,  78% used [0x00000000f5950000, 0x00000000f6a62e60, 0x00000000f6a63000, 0x00000000f6eff000)
 Metaspace       used 20653K, capacity 21152K, committed 21376K, reserved 1069056K
  class space    used 2507K, capacity 2662K, committed 2688K, reserved 1048576K
}
Event: 6.419 GC heap before
{Heap before GC invocations=44 (full 2):
 def new generation   total 10048K, used 8716K [0x00000000f0600000, 0x00000000f10e0000, 0x00000000f5950000)
  eden space 8960K,  93% used [0x00000000f0600000, 0x00000000f0e32048, 0x00000000f0ec0000)
  from space 1088K,  29% used [0x00000000f0ec0000, 0x00000000f0f110f8, 0x00000000f0fd0000)
  to   space 1088K,   0% used [0x00000000f0fd0000, 0x00000000f0fd0000, 0x00000000f10e0000)
 tenured generation   total 22204K, used 17483K [0x00000000f5950000, 0x00000000f6eff000, 0x0000000100000000)
   the space 22204K,  78% used [0x00000000f5950000, 0x00000000f6a62e60, 0x00000000f6a63000, 0x00000000f6eff000)
 Metaspace       used 21075K, capacity 21504K, committed 21760K, reserved 1069056K
  class space    used 2543K, capacity 2694K, committed 2816K, reserved 1048576K
Event: 6.436 GC heap after
Heap after GC invocations=45 (full 2):
 def new generation   total 10048K, used 1088K [0x00000000f0600000, 0x00000000f10e0000, 0x00000000f5950000)
  eden space 8960K,   0% used [0x00000000f0600000, 0x00000000f0600000, 0x00000000f0ec0000)
  from space 1088K, 100% used [0x00000000f0fd0000, 0x00000000f10e0000, 0x00000000f10e0000)
  to   space 1088K,   0% used [0x00000000f0ec0000, 0x00000000f0ec0000, 0x00000000f0fd0000)
 tenured generation   total 22204K, used 19837K [0x00000000f5950000, 0x00000000f6eff000, 0x0000000100000000)
   the space 22204K,  89% used [0x00000000f5950000, 0x00000000f6caf6a8, 0x00000000f6caf800, 0x00000000f6eff000)
 Metaspace       used 21075K, capacity 21504K, committed 21760K, reserved 1069056K
  class space    used 2543K, capacity 2694K, committed 2816K, reserved 1048576K
}
Event: 6.541 GC heap before
{Heap before GC invocations=45 (full 2):
 def new generation   total 10048K, used 10048K [0x00000000f0600000, 0x00000000f10e0000, 0x00000000f5950000)
  eden space 8960K, 100% used [0x00000000f0600000, 0x00000000f0ec0000, 0x00000000f0ec0000)
  from space 1088K, 100% used [0x00000000f0fd0000, 0x00000000f10e0000, 0x00000000f10e0000)
  to   space 1088K,   0% used [0x00000000f0ec0000, 0x00000000f0ec0000, 0x00000000f0fd0000)
 tenured generation   total 22204K, used 19837K [0x00000000f5950000, 0x00000000f6eff000, 0x0000000100000000)
   the space 22204K,  89% used [0x00000000f5950000, 0x00000000f6caf6a8, 0x00000000f6caf800, 0x00000000f6eff000)
 Metaspace       used 21075K, capacity 21504K, committed 21760K, reserved 1069056K
  class space    used 2543K, capacity 2694K, committed 2816K, reserved 1048576K

Deoptimization events (10 events):
Event: 4.564 Thread 0x00007f215c00a000 Uncommon trap: reason=unstable_if action=reinterpret pc=0x00007f214d46a054 method=com.google.inject.internal.MoreTypes.canonicalize(Ljava/lang/reflect/Type;)Ljava/lang/reflect/Type; @ 16
Event: 4.599 Thread 0x00007f215c00a000 Uncommon trap: reason=bimorphic action=maybe_recompile pc=0x00007f214d5839d4 method=java.util.regex.Pattern$CharProperty.match(Ljava/util/regex/Matcher;ILjava/lang/CharSequence;)Z @ 37
Event: 4.619 Thread 0x00007f215c00a000 Uncommon trap: reason=bimorphic action=maybe_recompile pc=0x00007f214d5de084 method=java.util.concurrent.ConcurrentHashMap.get(Ljava/lang/Object;)Ljava/lang/Object; @ 149
Event: 4.727 Thread 0x00007f215c00a000 Uncommon trap: reason=null_check action=make_not_entrant pc=0x00007f214d78fc50 method=org.apache.maven.model.io.xpp3.MavenXpp3Reader.checkFieldWithDuplicate(Lorg/codehaus/plexus/util/xml/pull/XmlPullParser;Ljava/lang/String;Ljava/lang/String;Ljava/util/Se
Event: 4.872 Thread 0x00007f215c00a000 Uncommon trap: reason=intrinsic action=make_not_entrant pc=0x00007f214d693abc method=org.apache.maven.model.Dependency.getManagementKey()Ljava/lang/String; @ 8
Event: 4.920 Thread 0x00007f215c00a000 Uncommon trap: reason=unstable_if action=reinterpret pc=0x00007f214d5da21c method=org.eclipse.sisu.plexus.RealmFilteredBeans$FilteredItr.hasNext()Z @ 44
Event: 4.982 Thread 0x00007f215c00a000 Uncommon trap: reason=bimorphic action=maybe_recompile pc=0x00007f214d5839d4 method=java.util.regex.Pattern$CharProperty.match(Ljava/util/regex/Matcher;ILjava/lang/CharSequence;)Z @ 37
Event: 5.409 Thread 0x00007f215c00a000 Uncommon trap: reason=bimorphic action=maybe_recompile pc=0x00007f214d5839d4 method=java.util.regex.Pattern$CharProperty.match(Ljava/util/regex/Matcher;ILjava/lang/CharSequence;)Z @ 37
Event: 6.137 Thread 0x00007f215c00a000 Uncommon trap: reason=unstable_if action=reinterpret pc=0x00007f214d1fbaec method=sun.misc.URLClassPath$JarLoader.getResource(Ljava/lang/String;Z)Lsun/misc/Resource; @ 62
Event: 6.155 Thread 0x00007f215c00a000 Uncommon trap: reason=unstable_if action=reinterpret pc=0x00007f214d716c70 method=java.nio.charset.CharsetDecoder.decode(Ljava/nio/ByteBuffer;Ljava/nio/CharBuffer;Z)Ljava/nio/charset/CoderResult; @ 1

Internal exceptions (10 events):
Event: 2.650 Thread 0x00007f215c00a000 Exception <a 'java/lang/NullPointerException'> (0x00000000f06ba688) thrown at [/HUDSON3/workspace/8-2-build-linux-amd64/jdk8u111/7883/hotspot/src/share/vm/interpreter/linkResolver.cpp, line 1178]
Event: 2.651 Thread 0x00007f215c00a000 Exception <a 'java/lang/NullPointerException'> (0x00000000f06cab58) thrown at [/HUDSON3/workspace/8-2-build-linux-amd64/jdk8u111/7883/hotspot/src/share/vm/interpreter/linkResolver.cpp, line 1178]
Event: 2.651 Thread 0x00007f215c00a000 Exception <a 'java/lang/NullPointerException'> (0x00000000f06cad70) thrown at [/HUDSON3/workspace/8-2-build-linux-amd64/jdk8u111/7883/hotspot/src/share/vm/interpreter/linkResolver.cpp, line 1178]
Event: 2.651 Thread 0x00007f215c00a000 Exception <a 'java/lang/NullPointerException'> (0x00000000f06caf88) thrown at [/HUDSON3/workspace/8-2-build-linux-amd64/jdk8u111/7883/hotspot/src/share/vm/interpreter/linkResolver.cpp, line 1178]
Event: 3.413 Thread 0x00007f215c00a000 Implicit null exception at 0x00007f214d374e35 to 0x00007f214d375019
Event: 3.413 Thread 0x00007f215c00a000 Implicit null exception at 0x00007f214d30efaf to 0x00007f214d30f019
Event: 4.727 Thread 0x00007f215c00a000 Implicit null exception at 0x00007f214d78f355 to 0x00007f214d78fc41
Event: 5.492 Thread 0x00007f215c00a000 Exception <a 'java/lang/ClassNotFoundException': com/sun/tools/javac/api/JavacTool> (0x00000000f08403d8) thrown at [/HUDSON3/workspace/8-2-build-linux-amd64/jdk8u111/7883/hotspot/src/share/vm/classfile/systemDictionary.cpp, line 210]
Event: 6.411 Thread 0x00007f215c00a000 Exception <a 'java/io/FileNotFoundException'> (0x00000000f0dd5508) thrown at [/HUDSON3/workspace/8-2-build-linux-amd64/jdk8u111/7883/hotspot/src/share/vm/prims/jni.cpp, line 709]
Event: 6.419 Thread 0x00007f215c00a000 Exception <a 'java/io/FileNotFoundException'> (0x00000000f0e09fa8) thrown at [/HUDSON3/workspace/8-2-build-linux-amd64/jdk8u111/7883/hotspot/src/share/vm/prims/jni.cpp, line 709]

Events (10 events):
Event: 6.378 Thread 0x00007f215c00a000 DEOPT UNPACKING pc=0x00007f214d047373 sp=0x00007f21630789d0 mode 0
Event: 6.397 Thread 0x00007f215c00a000 DEOPT PACKING pc=0x00007f214d63a8b5 sp=0x00007f2163078b40
Event: 6.397 Thread 0x00007f215c00a000 DEOPT UNPACKING pc=0x00007f214d047373 sp=0x00007f21630788c8 mode 0
Event: 6.411 loading class com/sun/tools/javac/file/JavacFileManager$MissingArchive
Event: 6.411 loading class com/sun/tools/javac/file/JavacFileManager$MissingArchive done
Event: 6.419 Executing VM operation: GenCollectForAllocation
Event: 6.436 Executing VM operation: GenCollectForAllocation done
Event: 6.466 Thread 0x00007f215c00a000 DEOPT PACKING pc=0x00007f214d4b2ef1 sp=0x00007f2163078b10
Event: 6.466 Thread 0x00007f215c00a000 DEOPT UNPACKING pc=0x00007f214d047373 sp=0x00007f21630788b0 mode 0
Event: 6.541 Executing VM operation: GenCollectForAllocation


Dynamic libraries:
00400000-00401000 r-xp 00000000 ca:01 48239                              /usr/lib/jvm/java-8-oracle/bin/java
00600000-00601000 rw-p 00000000 ca:01 48239                              /usr/lib/jvm/java-8-oracle/bin/java
022e9000-0230a000 rw-p 00000000 00:00 0                                  [heap]
f0600000-f10e0000 rw-p 00000000 00:00 0 
f10e0000-f5950000 ---p 00000000 00:00 0 
f5950000-f719f000 rw-p 00000000 00:00 0 
f81d4000-100000000 ---p 00000000 00:00 0 
100000000-1002c0000 rw-p 00000000 00:00 0 
1002c0000-140000000 ---p 00000000 00:00 0 
7f2128000000-7f2128021000 rw-p 00000000 00:00 0 
7f2128021000-7f212c000000 ---p 00000000 00:00 0 
7f2130000000-7f213105b000 rw-p 00000000 00:00 0 
7f213105b000-7f2134000000 ---p 00000000 00:00 0 
7f2134000000-7f2134f73000 rw-p 00000000 00:00 0 
7f2134f73000-7f2138000000 ---p 00000000 00:00 0 
7f2138000000-7f2138021000 rw-p 00000000 00:00 0 
7f2138021000-7f213c000000 ---p 00000000 00:00 0 
7f213c000000-7f213c021000 rw-p 00000000 00:00 0 
7f213c021000-7f2140000000 ---p 00000000 00:00 0 
7f2140000000-7f2140021000 rw-p 00000000 00:00 0 
7f2140021000-7f2144000000 ---p 00000000 00:00 0 
7f2146384000-7f214639c000 r--s 000f7000 ca:01 163595                     /var/lib/jenkins/.m2/repository/org/apache/logging/log4j/log4j-core/2.5/log4j-core-2.5.jar
7f214639c000-7f214639f000 r--s 00021000 ca:01 163593                     /var/lib/jenkins/.m2/repository/org/apache/logging/log4j/log4j-api/2.5/log4j-api-2.5.jar
7f214639f000-7f21463a6000 r--s 00064000 ca:01 163592                     /var/lib/jenkins/.m2/repository/org/apache/commons/commons-lang3/3.4/commons-lang3-3.4.jar
7f21463a6000-7f21463b7000 r--s 0008a000 ca:01 163589                     /var/lib/jenkins/.m2/repository/joda-time/joda-time/2.9.5/joda-time-2.9.5.jar
7f21463b7000-7f21463c7000 r--s 000a8000 ca:01 163587                     /var/lib/jenkins/.m2/repository/org/apache/commons/commons-collections4/4.1/commons-collections4-4.1.jar
7f21463c7000-7f21463de000 r--s 000f9000 ca:01 163583                     /var/lib/jenkins/.m2/repository/org/springframework/spring-core/4.3.2.RELEASE/spring-core-4.3.2.RELEASE.jar
7f21463de000-7f21463e0000 r--s 00009000 ca:01 163566                     /var/lib/jenkins/.m2/repository/org/slf4j/slf4j-api/1.7.21/slf4j-api-1.7.21.jar
7f21463e0000-7f21463e5000 r--s 0003c000 ca:01 163549                     /var/lib/jenkins/.m2/repository/org/springframework/spring-expression/4.3.2.RELEASE/spring-expression-4.3.2.RELEASE.jar
7f21463e5000-7f21463f7000 r--s 000ce000 ca:01 163547                     /var/lib/jenkins/.m2/repository/org/springframework/spring-webmvc/4.3.2.RELEASE/spring-webmvc-4.3.2.RELEASE.jar
7f21463f7000-7f2146410000 r--s 000fc000 ca:01 163545                     /var/lib/jenkins/.m2/repository/org/springframework/spring-context/4.3.2.RELEASE/spring-context-4.3.2.RELEASE.jar
7f2146410000-7f214641d000 r--s 000ac000 ca:01 163543                     /var/lib/jenkins/.m2/repository/org/springframework/spring-beans/4.3.2.RELEASE/spring-beans-4.3.2.RELEASE.jar
7f214641d000-7f2146426000 r--s 00054000 ca:01 163542                     /var/lib/jenkins/.m2/repository/org/springframework/spring-aop/4.3.2.RELEASE/spring-aop-4.3.2.RELEASE.jar
7f2146426000-7f2146438000 r--s 000b5000 ca:01 163539                     /var/lib/jenkins/.m2/repository/org/springframework/spring-web/4.3.2.RELEASE/spring-web-4.3.2.RELEASE.jar
7f2146438000-7f214643a000 r--s 0000e000 ca:01 163538                     /var/lib/jenkins/.m2/repository/com/fasterxml/classmate/1.3.1/classmate-1.3.1.jar
7f214643a000-7f214643c000 r--s 0000f000 ca:01 163535                     /var/lib/jenkins/.m2/repository/org/jboss/logging/jboss-logging/3.3.0.Final/jboss-logging-3.3.0.Final.jar
7f214643c000-7f2146440000 r--s 0000c000 ca:01 163534                     /var/lib/jenkins/.m2/repository/javax/validation/validation-api/1.1.0.Final/validation-api-1.1.0.Final.jar
7f2146440000-7f2146450000 r--s 0009c000 ca:01 163531                     /var/lib/jenkins/.m2/repository/org/hibernate/hibernate-validator/5.2.4.Final/hibernate-validator-5.2.4.Final.jar
7f2146450000-7f2146455000 r--s 00036000 ca:01 163530                     /var/lib/jenkins/.m2/repository/org/apache/tomcat/embed/tomcat-embed-websocket/8.5.4/tomcat-embed-websocket-8.5.4.jar
7f2146455000-7f214645a000 r--s 00036000 ca:01 163527                     /var/lib/jenkins/.m2/repository/org/apache/tomcat/embed/tomcat-embed-el/8.5.4/tomcat-embed-el-8.5.4.jar
7f214645a000-7f2146483000 r--s 002af000 ca:01 163518                     /var/lib/jenkins/.m2/repository/org/apache/tomcat/embed/tomcat-embed-core/8.5.4/tomcat-embed-core-8.5.4.jar
7f2146483000-7f2146484000 r--s 00000000 ca:01 163523                     /var/lib/jenkins/.m2/repository/org/springframework/boot/spring-boot-starter-tomcat/1.4.0.RELEASE/spring-boot-starter-tomcat-1.4.0.RELEASE.jar
7f2146484000-7f21464a1000 r--s 000c7000 ca:01 163517                     /var/lib/jenkins/.m2/repository/org/springframework/boot/spring-boot-autoconfigure/1.4.0.RELEASE/spring-boot-autoconfigure-1.4.0.RELEASE.jar
7f21464a1000-7f21464b0000 r--s 0008f000 ca:01 163515                     /var/lib/jenkins/.m2/repository/org/springframework/boot/spring-boot/1.4.0.RELEASE/spring-boot-1.4.0.RELEASE.jar
7f21464b0000-7f21464b1000 r--s 00000000 ca:01 163519                     /var/lib/jenkins/.m2/repository/org/springframework/boot/spring-boot-starter/1.4.0.RELEASE/spring-boot-starter-1.4.0.RELEASE.jar
7f21464b1000-7f21464b2000 r--s 00000000 ca:01 163513                     /var/lib/jenkins/.m2/repository/org/springframework/boot/spring-boot-starter-web/1.4.0.RELEASE/spring-boot-starter-web-1.4.0.RELEASE.jar
7f21466b6000-7f2146737000 rw-p 00000000 00:00 0 
7f2146737000-7f21468b7000 ---p 00000000 00:00 0 
7f21468b7000-7f2146ab7000 rw-p 00000000 00:00 0 
7f2146ab7000-7f2146b2f000 r--s 010e6000 ca:01 47264                      /usr/lib/jvm/java-8-oracle/lib/tools.jar
7f2146b2f000-7f2146b32000 r--s 0001b000 ca:01 164400                     /var/lib/jenkins/.m2/repository/junit/junit/3.8.2/junit-3.8.2.jar
7f2146b32000-7f2146b40000 r--s 0008f000 ca:01 164398                     /var/lib/jenkins/.m2/repository/com/google/collections/google-collections/1.0/google-collections-1.0.jar
7f2146b40000-7f2146b41000 r--s 0000a000 ca:01 164394                     /var/lib/jenkins/.m2/repository/commons-logging/commons-logging-api/1.1/commons-logging-api-1.1.jar
7f2146b41000-7f2146b48000 r--s 00051000 ca:01 164392                     /var/lib/jenkins/.m2/repository/log4j/log4j/1.2.12/log4j-1.2.12.jar
7f2146b48000-7f2146d48000 rw-p 00000000 00:00 0 
7f2146d48000-7f2146d59000 r-xp 00000000 ca:01 48004                      /usr/lib/jvm/java-8-oracle/jre/lib/amd64/libnio.so
7f2146d59000-7f2146f58000 ---p 00011000 ca:01 48004                      /usr/lib/jvm/java-8-oracle/jre/lib/amd64/libnio.so
7f2146f58000-7f2146f59000 rw-p 00010000 ca:01 48004                      /usr/lib/jvm/java-8-oracle/jre/lib/amd64/libnio.so
7f2146f59000-7f2146f6f000 r-xp 00000000 ca:01 47993                      /usr/lib/jvm/java-8-oracle/jre/lib/amd64/libnet.so
7f2146f6f000-7f214716f000 ---p 00016000 ca:01 47993                      /usr/lib/jvm/java-8-oracle/jre/lib/amd64/libnet.so
7f214716f000-7f2147170000 rw-p 00016000 ca:01 47993                      /usr/lib/jvm/java-8-oracle/jre/lib/amd64/libnet.so
7f2147170000-7f2147370000 rw-p 00000000 00:00 0 
7f2147370000-7f2147570000 rw-p 00000000 00:00 0 
7f2147570000-7f2147770000 rw-p 00000000 00:00 0 
7f2147770000-7f2147771000 ---p 00000000 00:00 0 
7f2147771000-7f2147871000 rw-p 00000000 00:00 0                          [stack:13590]
7f2147871000-7f2147874000 ---p 00000000 00:00 0 
7f2147874000-7f2147972000 rw-p 00000000 00:00 0                          [stack:13589]
7f2147972000-7f2147975000 ---p 00000000 00:00 0 
7f2147975000-7f2147a73000 rw-p 00000000 00:00 0                          [stack:13588]
7f2147a73000-7f2147a76000 ---p 00000000 00:00 0 
7f2147a76000-7f2147b74000 rw-p 00000000 00:00 0                          [stack:13587]
7f2147b74000-7f2147b77000 ---p 00000000 00:00 0 
7f2147b77000-7f2147c75000 rw-p 00000000 00:00 0                          [stack:13586]
7f2147c75000-7f2147dfe000 r--p 00000000 ca:01 1576                       /usr/lib/locale/locale-archive
7f2147dfe000-7f2147e01000 ---p 00000000 00:00 0 
7f2147e01000-7f2147eff000 rw-p 00000000 00:00 0                          [stack:13585]
7f2147eff000-7f2147f02000 ---p 00000000 00:00 0 
7f2147f02000-7f2148000000 rw-p 00000000 00:00 0                          [stack:13584]
7f2148000000-7f2148411000 rw-p 00000000 00:00 0 
7f2148411000-7f214c000000 ---p 00000000 00:00 0 
7f214c000000-7f214c004000 r--s 0001d000 ca:01 164391                     /var/lib/jenkins/.m2/repository/org/apache/xbean/xbean-reflect/3.4/xbean-reflect-3.4.jar
7f214c004000-7f214c005000 r--s 00004000 ca:01 164386                     /var/lib/jenkins/.m2/repository/org/codehaus/plexus/plexus-compiler-javac/2.2/plexus-compiler-javac-2.2.jar
7f214c005000-7f214c007000 r--s 00000000 ca:01 164384                     /var/lib/jenkins/.m2/repository/org/codehaus/plexus/plexus-compiler-manager/2.2/plexus-compiler-manager-2.2.jar
7f214c007000-7f214c009000 r--s 00005000 ca:01 164381                     /var/lib/jenkins/.m2/repository/org/codehaus/plexus/plexus-compiler-api/2.2/plexus-compiler-api-2.2.jar
7f214c009000-7f214c00b000 r--s 00000000 ca:01 164378                     /var/lib/jenkins/.m2/repository/org/codehaus/plexus/plexus-component-annotations/1.5.5/plexus-component-annotations-1.5.5.jar
7f214c00b000-7f214c00d000 r--s 00002000 ca:01 164377                     /var/lib/jenkins/.m2/repository/org/apache/maven/shared/maven-shared-incremental/1.1/maven-shared-incremental-1.1.jar
7f214c00d000-7f214c010000 r--s 00023000 ca:01 164376                     /var/lib/jenkins/.m2/repository/org/apache/maven/shared/maven-shared-utils/0.1/maven-shared-utils-0.1.jar
7f214c010000-7f214c014000 r--s 00030000 ca:01 164346                     /var/lib/jenkins/.m2/repository/org/codehaus/plexus/plexus-utils/1.5.1/plexus-utils-1.5.1.jar
7f214c014000-7f214c016000 r--s 00009000 ca:01 162879                     /var/lib/jenkins/.m2/repository/org/apache/maven/plugins/maven-compiler-plugin/3.1/maven-compiler-plugin-3.1.jar
7f214c016000-7f214c018000 r--s 0000d000 ca:01 164031                     /var/lib/jenkins/.m2/repository/org/codehaus/plexus/plexus-interpolation/1.13/plexus-interpolation-1.13.jar
7f214c018000-7f214c019000 r--s 00001000 ca:01 163995                     /var/lib/jenkins/.m2/repository/org/sonatype/plexus/plexus-build-api/0.0.4/plexus-build-api-0.0.4.jar
7f214c019000-7f214c01b000 r--s 00009000 ca:01 164026                     /var/lib/jenkins/.m2/repository/org/apache/maven/shared/maven-filtering/1.1/maven-filtering-1.1.jar
7f214c01b000-7f214c01f000 r--s 00033000 ca:01 164024                     /var/lib/jenkins/.m2/repository/org/codehaus/plexus/plexus-utils/2.0.5/plexus-utils-2.0.5.jar
7f214c01f000-7f214c022000 r--s 0001b000 ca:01 164023                     /var/lib/jenkins/.m2/repository/junit/junit/3.8.1/junit-3.8.1.jar
7f214c022000-7f214c024000 r--s 00002000 ca:01 164007                     /var/lib/jenkins/.m2/repository/org/codehaus/plexus/plexus-interactivity-api/1.0-alpha-4/plexus-interactivity-api-1.0-alpha-4.jar
7f214c024000-7f214c026000 r--s 00006000 ca:01 164005                     /var/lib/jenkins/.m2/repository/commons-cli/commons-cli/1.0/commons-cli-1.0.jar
7f214c026000-7f214c027000 r--s 00001000 ca:01 163997                     /var/lib/jenkins/.m2/repository/org/apache/maven/doxia/doxia-sink-api/1.0-alpha-7/doxia-sink-api-1.0-alpha-7.jar
7f214c027000-7f214c028000 r--s 00002000 ca:01 163996                     /var/lib/jenkins/.m2/repository/org/apache/maven/reporting/maven-reporting-api/2.0.6/maven-reporting-api-2.0.6.jar
7f214c028000-7f214c02a000 r--s 00006000 ca:01 162844                     /var/lib/jenkins/.m2/repository/org/apache/maven/plugins/maven-resources-plugin/2.6/maven-resources-plugin-2.6.jar
7f214c02a000-7f214c02d000 r--s 00027000 ca:01 163698                     /var/lib/jenkins/.m2/repository/org/codehaus/plexus/plexus-utils/1.1/plexus-utils-1.1.jar
7f214c02d000-7f214c02f000 r--s 00006000 ca:01 163692                     /var/lib/jenkins/.m2/repository/com/google/code/findbugs/jsr305/2.0.1/jsr305-2.0.1.jar
7f214c02f000-7f214c033000 r--s 00026000 ca:01 163690                     /var/lib/jenkins/.m2/repository/org/apache/maven/shared/maven-shared-utils/0.7/maven-shared-utils-0.7.jar
7f214c033000-7f214c035000 r--s 00006000 ca:01 162825                     /var/lib/jenkins/.m2/repository/org/apache/maven/plugins/maven-clean-plugin/2.6.1/maven-clean-plugin-2.6.1.jar
7f214c035000-7f214c03b000 r--s 00041000 ca:01 162679                     /var/lib/jenkins/.m2/wrapper/dists/apache-maven-3.3.9-bin/2609u9g41na2l7ogackmif6fj2/apache-maven-3.3.9/lib/maven-compat-3.3.9.jar
7f214c03b000-7f214c03e000 r--s 0000b000 ca:01 162680                     /var/lib/jenkins/.m2/wrapper/dists/apache-maven-3.3.9-bin/2609u9g41na2l7ogackmif6fj2/apache-maven-3.3.9/lib/wagon-provider-api-2.10.jar
7f214c03e000-7f214c03f000 r--s 0000a000 ca:01 162651                     /var/lib/jenkins/.m2/wrapper/dists/apache-maven-3.3.9-bin/2609u9g41na2l7ogackmif6fj2/apache-maven-3.3.9/lib/maven-settings-3.3.9.jar
7f214c03f000-7f214c040000 r--s 00003000 ca:01 162657                     /var/lib/jenkins/.m2/wrapper/dists/apache-maven-3.3.9-bin/2609u9g41na2l7ogackmif6fj2/apache-maven-3.3.9/lib/maven-builder-support-3.3.9.jar
7f214c040000-7f214c06b000 r--s 001fc000 ca:01 162671                     /var/lib/jenkins/.m2/wrapper/dists/apache-maven-3.3.9-bin/2609u9g41na2l7ogackmif6fj2/apache-maven-3.3.9/lib/guava-18.0.jar
7f214c06b000-7f214c06d000 r--s 00000000 ca:01 162678                     /var/lib/jenkins/.m2/wrapper/dists/apache-maven-3.3.9-bin/2609u9g41na2l7ogackmif6fj2/apache-maven-3.3.9/lib/aopalliance-1.0.jar
7f214c06d000-7f214c070000 r--s 00013000 ca:01 162650                     /var/lib/jenkins/.m2/wrapper/dists/apache-maven-3.3.9-bin/2609u9g41na2l7ogackmif6fj2/apache-maven-3.3.9/lib/maven-embedder-3.3.9.jar
7f214c070000-7f214c07d000 r--s 0008f000 ca:01 162653                     /var/lib/jenkins/.m2/wrapper/dists/apache-maven-3.3.9-bin/2609u9g41na2l7ogackmif6fj2/apache-maven-3.3.9/lib/maven-core-3.3.9.jar
7f214c07d000-7f214c084000 r--s 00064000 ca:01 162655                     /var/lib/jenkins/.m2/wrapper/dists/apache-maven-3.3.9-bin/2609u9g41na2l7ogackmif6fj2/apache-maven-3.3.9/lib/commons-lang3-3.4.jar
7f214c084000-7f214c086000 r--s 0000f000 ca:01 162672                     /var/lib/jenkins/.m2/wrapper/dists/apache-maven-3.3.9-bin/2609u9g41na2l7ogackmif6fj2/apache-maven-3.3.9/lib/maven-aether-provider-3.3.9.jar
7f214c086000-7f214c087000 r--s 00002000 ca:01 162684                     /var/lib/jenkins/.m2/wrapper/dists/apache-maven-3.3.9-bin/2609u9g41na2l7ogackmif6fj2/apache-maven-3.3.9/lib/wagon-http-shared-2.10.jar
7f214c087000-7f214c08d000 r--s 0002d000 ca:01 162665                     /var/lib/jenkins/.m2/wrapper/dists/apache-maven-3.3.9-bin/2609u9g41na2l7ogackmif6fj2/apache-maven-3.3.9/lib/org.eclipse.sisu.plexus-0.3.2.jar
7f214c08d000-7f214c093000 r--s 00042000 ca:01 162685                     /var/lib/jenkins/.m2/wrapper/dists/apache-maven-3.3.9-bin/2609u9g41na2l7ogackmif6fj2/apache-maven-3.3.9/lib/jsoup-1.7.2.jar
7f214c093000-7f214c095000 r--s 00006000 ca:01 162674                     /var/lib/jenkins/.m2/wrapper/dists/apache-maven-3.3.9-bin/2609u9g41na2l7ogackmif6fj2/apache-maven-3.3.9/lib/aether-spi-1.0.2.v20150114.jar
7f214c095000-7f214c09a000 r--s 00041000 ca:01 162686                     /var/lib/jenkins/.m2/wrapper/dists/apache-maven-3.3.9-bin/2609u9g41na2l7ogackmif6fj2/apache-maven-3.3.9/lib/commons-lang-2.6.jar
7f214c09a000-7f214c09c000 r--s 00009000 ca:01 162682                     /var/lib/jenkins/.m2/wrapper/dists/apache-maven-3.3.9-bin/2609u9g41na2l7ogackmif6fj2/apache-maven-3.3.9/lib/commons-cli-1.2.jar
7f214c09c000-7f214c09e000 r--s 00000000 ca:01 162659                     /var/lib/jenkins/.m2/wrapper/dists/apache-maven-3.3.9-bin/2609u9g41na2l7ogackmif6fj2/apache-maven-3.3.9/lib/plexus-component-annotations-1.6.jar
7f214c09e000-7f214c0a0000 r--s 0000c000 ca:01 162663                     /var/lib/jenkins/.m2/wrapper/dists/apache-maven-3.3.9-bin/2609u9g41na2l7ogackmif6fj2/apache-maven-3.3.9/lib/maven-artifact-3.3.9.jar
7f214c0a0000-7f214c0a8000 r--s 00055000 ca:01 162669                     /var/lib/jenkins/.m2/wrapper/dists/apache-maven-3.3.9-bin/2609u9g41na2l7ogackmif6fj2/apache-maven-3.3.9/lib/org.eclipse.sisu.inject-0.3.2.jar
7f214c0a8000-7f214c0ab000 r--s 00026000 ca:01 162654                     /var/lib/jenkins/.m2/wrapper/dists/apache-maven-3.3.9-bin/2609u9g41na2l7ogackmif6fj2/apache-maven-3.3.9/lib/maven-model-3.3.9.jar
7f214c0ab000-7f214c0ac000 r--s 00006000 ca:01 162662                     /var/lib/jenkins/.m2/wrapper/dists/apache-maven-3.3.9-bin/2609u9g41na2l7ogackmif6fj2/apache-maven-3.3.9/lib/maven-repository-metadata-3.3.9.jar
7f214c0ac000-7f214c0ad000 r--s 00008000 ca:01 162689                     /var/lib/jenkins/.m2/wrapper/dists/apache-maven-3.3.9-bin/2609u9g41na2l7ogackmif6fj2/apache-maven-3.3.9/lib/aether-connector-basic-1.0.2.v20150114.jar
7f214c0ad000-7f214c0b1000 r--s 00027000 ca:01 162676                     /var/lib/jenkins/.m2/wrapper/dists/apache-maven-3.3.9-bin/2609u9g41na2l7ogackmif6fj2/apache-maven-3.3.9/lib/aether-impl-1.0.2.v20150114.jar
7f214c0b1000-7f214c0b5000 r--s 00020000 ca:01 162675                     /var/lib/jenkins/.m2/wrapper/dists/apache-maven-3.3.9-bin/2609u9g41na2l7ogackmif6fj2/apache-maven-3.3.9/lib/aether-util-1.0.2.v20150114.jar
7f214c0b5000-7f214c0ba000 r--s 00027000 ca:01 162670                     /var/lib/jenkins/.m2/wrapper/dists/apache-maven-3.3.9-bin/2609u9g41na2l7ogackmif6fj2/apache-maven-3.3.9/lib/maven-model-builder-3.3.9.jar
7f214c0ba000-7f214c0c3000 r--s 0005f000 ca:01 162677                     /var/lib/jenkins/.m2/wrapper/dists/apache-maven-3.3.9-bin/2609u9g41na2l7ogackmif6fj2/apache-maven-3.3.9/lib/guice-4.0-no_aop.jar
7f214c0c3000-7f214c0f1000 r--s 001fa000 ca:01 162683                     /var/lib/jenkins/.m2/wrapper/dists/apache-maven-3.3.9-bin/2609u9g41na2l7ogackmif6fj2/apache-maven-3.3.9/lib/wagon-http-2.10-shaded.jar
7f214c0f1000-7f214c0f2000 ---p 00000000 00:00 0 
7f214c0f2000-7f214c1f2000 rw-p 00000000 00:00 0                          [stack:13583]
7f214c1f2000-7f214c3ca000 r--s 03d2a000 ca:01 47951                      /usr/lib/jvm/java-8-oracle/jre/lib/rt.jar
7f214c3ca000-7f214cc40000 rw-p 00000000 00:00 0 
7f214cc40000-7f214cc60000 rw-p 00000000 00:00 0 
7f214cc60000-7f214d000000 ---p 00000000 00:00 0 
7f214d000000-7f214d800000 rwxp 00000000 00:00 0 
7f214d800000-7f215c000000 ---p 00000000 00:00 0 
7f215c000000-7f215cdb0000 rw-p 00000000 00:00 0 
7f215cdb0000-7f2160000000 ---p 00000000 00:00 0 
7f2160000000-7f2160002000 r--s 0000a000 ca:01 162664                     /var/lib/jenkins/.m2/wrapper/dists/apache-maven-3.3.9-bin/2609u9g41na2l7ogackmif6fj2/apache-maven-3.3.9/lib/maven-plugin-api-3.3.9.jar
7f2160002000-7f2160003000 r--s 00002000 ca:01 162691                     /var/lib/jenkins/.m2/wrapper/dists/apache-maven-3.3.9-bin/2609u9g41na2l7ogackmif6fj2/apache-maven-3.3.9/lib/slf4j-simple-1.7.5.jar
7f2160003000-7f2160005000 r--s 00005000 ca:01 162690                     /var/lib/jenkins/.m2/wrapper/dists/apache-maven-3.3.9-bin/2609u9g41na2l7ogackmif6fj2/apache-maven-3.3.9/lib/aether-transport-wagon-1.0.2.v20150114.jar
7f2160005000-7f2160007000 r--s 00002000 ca:01 162661                     /var/lib/jenkins/.m2/wrapper/dists/apache-maven-3.3.9-bin/2609u9g41na2l7ogackmif6fj2/apache-maven-3.3.9/lib/plexus-cipher-1.7.jar
7f2160007000-7f2160008000 r--s 00002000 ca:01 162688                     /var/lib/jenkins/.m2/wrapper/dists/apache-maven-3.3.9-bin/2609u9g41na2l7ogackmif6fj2/apache-maven-3.3.9/lib/wagon-file-2.10.jar
7f2160008000-7f216000a000 r--s 00005000 ca:01 162681                     /var/lib/jenkins/.m2/wrapper/dists/apache-maven-3.3.9-bin/2609u9g41na2l7ogackmif6fj2/apache-maven-3.3.9/lib/slf4j-api-1.7.5.jar
7f216000a000-7f216000e000 r--s 00027000 ca:01 162687                     /var/lib/jenkins/.m2/wrapper/dists/apache-maven-3.3.9-bin/2609u9g41na2l7ogackmif6fj2/apache-maven-3.3.9/lib/commons-io-2.2.jar
7f216000e000-7f21600e0000 rw-p 00000000 00:00 0 
7f21600e0000-7f21600fa000 r-xp 00000000 ca:01 47984                      /usr/lib/jvm/java-8-oracle/jre/lib/amd64/libzip.so
7f21600fa000-7f21602fa000 ---p 0001a000 ca:01 47984                      /usr/lib/jvm/java-8-oracle/jre/lib/amd64/libzip.so
7f21602fa000-7f21602fb000 rw-p 0001a000 ca:01 47984                      /usr/lib/jvm/java-8-oracle/jre/lib/amd64/libzip.so
7f21602fb000-7f2160305000 r-xp 00000000 ca:01 396082                     /lib/x86_64-linux-gnu/libnss_files-2.19.so
7f2160305000-7f2160504000 ---p 0000a000 ca:01 396082                     /lib/x86_64-linux-gnu/libnss_files-2.19.so
7f2160504000-7f2160505000 r--p 00009000 ca:01 396082                     /lib/x86_64-linux-gnu/libnss_files-2.19.so
7f2160505000-7f2160506000 rw-p 0000a000 ca:01 396082                     /lib/x86_64-linux-gnu/libnss_files-2.19.so
7f2160506000-7f2160511000 r-xp 00000000 ca:01 396084                     /lib/x86_64-linux-gnu/libnss_nis-2.19.so
7f2160511000-7f2160710000 ---p 0000b000 ca:01 396084                     /lib/x86_64-linux-gnu/libnss_nis-2.19.so
7f2160710000-7f2160711000 r--p 0000a000 ca:01 396084                     /lib/x86_64-linux-gnu/libnss_nis-2.19.so
7f2160711000-7f2160712000 rw-p 0000b000 ca:01 396084                     /lib/x86_64-linux-gnu/libnss_nis-2.19.so
7f2160712000-7f2160729000 r-xp 00000000 ca:01 396079                     /lib/x86_64-linux-gnu/libnsl-2.19.so
7f2160729000-7f2160928000 ---p 00017000 ca:01 396079                     /lib/x86_64-linux-gnu/libnsl-2.19.so
7f2160928000-7f2160929000 r--p 00016000 ca:01 396079                     /lib/x86_64-linux-gnu/libnsl-2.19.so
7f2160929000-7f216092a000 rw-p 00017000 ca:01 396079                     /lib/x86_64-linux-gnu/libnsl-2.19.so
7f216092a000-7f216092c000 rw-p 00000000 00:00 0 
7f216092c000-7f2160935000 r-xp 00000000 ca:01 396080                     /lib/x86_64-linux-gnu/libnss_compat-2.19.so
7f2160935000-7f2160b34000 ---p 00009000 ca:01 396080                     /lib/x86_64-linux-gnu/libnss_compat-2.19.so
7f2160b34000-7f2160b35000 r--p 00008000 ca:01 396080                     /lib/x86_64-linux-gnu/libnss_compat-2.19.so
7f2160b35000-7f2160b36000 rw-p 00009000 ca:01 396080                     /lib/x86_64-linux-gnu/libnss_compat-2.19.so
7f2160b36000-7f2160b61000 r-xp 00000000 ca:01 48006                      /usr/lib/jvm/java-8-oracle/jre/lib/amd64/libjava.so
7f2160b61000-7f2160d60000 ---p 0002b000 ca:01 48006                      /usr/lib/jvm/java-8-oracle/jre/lib/amd64/libjava.so
7f2160d60000-7f2160d62000 rw-p 0002a000 ca:01 48006                      /usr/lib/jvm/java-8-oracle/jre/lib/amd64/libjava.so
7f2160d62000-7f2160d6f000 r-xp 00000000 ca:01 47978                      /usr/lib/jvm/java-8-oracle/jre/lib/amd64/libverify.so
7f2160d6f000-7f2160f6e000 ---p 0000d000 ca:01 47978                      /usr/lib/jvm/java-8-oracle/jre/lib/amd64/libverify.so
7f2160f6e000-7f2160f70000 rw-p 0000c000 ca:01 47978                      /usr/lib/jvm/java-8-oracle/jre/lib/amd64/libverify.so
7f2160f70000-7f2160f77000 r-xp 00000000 ca:01 396104                     /lib/x86_64-linux-gnu/librt-2.19.so
7f2160f77000-7f2161176000 ---p 00007000 ca:01 396104                     /lib/x86_64-linux-gnu/librt-2.19.so
7f2161176000-7f2161177000 r--p 00006000 ca:01 396104                     /lib/x86_64-linux-gnu/librt-2.19.so
7f2161177000-7f2161178000 rw-p 00007000 ca:01 396104                     /lib/x86_64-linux-gnu/librt-2.19.so
7f2161178000-7f216127d000 r-xp 00000000 ca:01 396071                     /lib/x86_64-linux-gnu/libm-2.19.so
7f216127d000-7f216147c000 ---p 00105000 ca:01 396071                     /lib/x86_64-linux-gnu/libm-2.19.so
7f216147c000-7f216147d000 r--p 00104000 ca:01 396071                     /lib/x86_64-linux-gnu/libm-2.19.so
7f216147d000-7f216147e000 rw-p 00105000 ca:01 396071                     /lib/x86_64-linux-gnu/libm-2.19.so
7f216147e000-7f216214b000 r-xp 00000000 ca:01 47961                      /usr/lib/jvm/java-8-oracle/jre/lib/amd64/server/libjvm.so
7f216214b000-7f216234a000 ---p 00ccd000 ca:01 47961                      /usr/lib/jvm/java-8-oracle/jre/lib/amd64/server/libjvm.so
7f216234a000-7f2162423000 rw-p 00ccc000 ca:01 47961                      /usr/lib/jvm/java-8-oracle/jre/lib/amd64/server/libjvm.so
7f2162423000-7f216246e000 rw-p 00000000 00:00 0 
7f216246e000-7f2162628000 r-xp 00000000 ca:01 396048                     /lib/x86_64-linux-gnu/libc-2.19.so
7f2162628000-7f2162828000 ---p 001ba000 ca:01 396048                     /lib/x86_64-linux-gnu/libc-2.19.so
7f2162828000-7f216282c000 r--p 001ba000 ca:01 396048                     /lib/x86_64-linux-gnu/libc-2.19.so
7f216282c000-7f216282e000 rw-p 001be000 ca:01 396048                     /lib/x86_64-linux-gnu/libc-2.19.so
7f216282e000-7f2162833000 rw-p 00000000 00:00 0 
7f2162833000-7f2162836000 r-xp 00000000 ca:01 396057                     /lib/x86_64-linux-gnu/libdl-2.19.so
7f2162836000-7f2162a35000 ---p 00003000 ca:01 396057                     /lib/x86_64-linux-gnu/libdl-2.19.so
7f2162a35000-7f2162a36000 r--p 00002000 ca:01 396057                     /lib/x86_64-linux-gnu/libdl-2.19.so
7f2162a36000-7f2162a37000 rw-p 00003000 ca:01 396057                     /lib/x86_64-linux-gnu/libdl-2.19.so
7f2162a37000-7f2162a4c000 r-xp 00000000 ca:01 47255                      /usr/lib/jvm/java-8-oracle/lib/amd64/jli/libjli.so
7f2162a4c000-7f2162c4c000 ---p 00015000 ca:01 47255                      /usr/lib/jvm/java-8-oracle/lib/amd64/jli/libjli.so
7f2162c4c000-7f2162c4d000 rw-p 00015000 ca:01 47255                      /usr/lib/jvm/java-8-oracle/lib/amd64/jli/libjli.so
7f2162c4d000-7f2162c66000 r-xp 00000000 ca:01 396101                     /lib/x86_64-linux-gnu/libpthread-2.19.so
7f2162c66000-7f2162e65000 ---p 00019000 ca:01 396101                     /lib/x86_64-linux-gnu/libpthread-2.19.so
7f2162e65000-7f2162e66000 r--p 00018000 ca:01 396101                     /lib/x86_64-linux-gnu/libpthread-2.19.so
7f2162e66000-7f2162e67000 rw-p 00019000 ca:01 396101                     /lib/x86_64-linux-gnu/libpthread-2.19.so
7f2162e67000-7f2162e6b000 rw-p 00000000 00:00 0 
7f2162e6b000-7f2162e8e000 r-xp 00000000 ca:01 396038                     /lib/x86_64-linux-gnu/ld-2.19.so
7f2162e8e000-7f2162e8f000 r--s 00001000 ca:01 162667                     /var/lib/jenkins/.m2/wrapper/dists/apache-maven-3.3.9-bin/2609u9g41na2l7ogackmif6fj2/apache-maven-3.3.9/lib/jsr250-api-1.0.jar
7f2162e8f000-7f2162e90000 r--s 00000000 ca:01 162668                     /var/lib/jenkins/.m2/wrapper/dists/apache-maven-3.3.9-bin/2609u9g41na2l7ogackmif6fj2/apache-maven-3.3.9/lib/javax.inject-1.jar
7f2162e90000-7f2162e95000 r--s 0001d000 ca:01 162673                     /var/lib/jenkins/.m2/wrapper/dists/apache-maven-3.3.9-bin/2609u9g41na2l7ogackmif6fj2/apache-maven-3.3.9/lib/aether-api-1.0.2.v20150114.jar
7f2162e95000-7f2162e98000 r--s 00008000 ca:01 162666                     /var/lib/jenkins/.m2/wrapper/dists/apache-maven-3.3.9-bin/2609u9g41na2l7ogackmif6fj2/apache-maven-3.3.9/lib/cdi-api-1.0.jar
7f2162e98000-7f2162e9b000 r--s 0000d000 ca:01 162658                     /var/lib/jenkins/.m2/wrapper/dists/apache-maven-3.3.9-bin/2609u9g41na2l7ogackmif6fj2/apache-maven-3.3.9/lib/plexus-interpolation-1.21.jar
7f2162e9b000-7f2162e9f000 r--s 00038000 ca:01 162652                     /var/lib/jenkins/.m2/wrapper/dists/apache-maven-3.3.9-bin/2609u9g41na2l7ogackmif6fj2/apache-maven-3.3.9/lib/plexus-utils-3.0.22.jar
7f2162e9f000-7f2162ea1000 r--s 00009000 ca:01 162656                     /var/lib/jenkins/.m2/wrapper/dists/apache-maven-3.3.9-bin/2609u9g41na2l7ogackmif6fj2/apache-maven-3.3.9/lib/maven-settings-builder-3.3.9.jar
7f2162ea1000-7f2162ea2000 r--s 00006000 ca:01 162660                     /var/lib/jenkins/.m2/wrapper/dists/apache-maven-3.3.9-bin/2609u9g41na2l7ogackmif6fj2/apache-maven-3.3.9/lib/plexus-sec-dispatcher-1.3.jar
7f2162ea2000-7f2162ea4000 r--s 0000b000 ca:01 162648                     /var/lib/jenkins/.m2/wrapper/dists/apache-maven-3.3.9-bin/2609u9g41na2l7ogackmif6fj2/apache-maven-3.3.9/boot/plexus-classworlds-2.5.2.jar
7f2162ea4000-7f2162ea8000 r--s 00097000 ca:01 48020                      /usr/lib/jvm/java-8-oracle/jre/lib/jsse.jar
7f2162ea8000-7f2162eaa000 r--s 0000b000 ca:01 162571                     /var/lib/jenkins/workspace/Auth-Service-Build/.mvn/wrapper/maven-wrapper.jar
7f2162eaa000-7f2162eb7000 rw-p 00000000 00:00 0 
7f2162eb7000-7f2162efe000 ---p 00000000 00:00 0 
7f2162efe000-7f2162f04000 rw-p 00000000 00:00 0 
7f2162f04000-7f2162f27000 ---p 00000000 00:00 0 
7f2162f27000-7f2162f34000 rw-p 00000000 00:00 0 
7f2162f34000-7f2162f7b000 ---p 00000000 00:00 0 
7f2162f7b000-7f2162f7c000 rw-p 00000000 00:00 0 
7f2162f7c000-7f2162f7f000 ---p 00000000 00:00 0 
7f2162f7f000-7f2163081000 rw-p 00000000 00:00 0                          [stack:13582]
7f2163081000-7f2163089000 rw-s 00000000 ca:01 30068                      /tmp/hsperfdata_jenkins/13573
7f2163089000-7f216308a000 rw-p 00000000 00:00 0 
7f216308a000-7f216308b000 ---p 00000000 00:00 0 
7f216308b000-7f216308d000 rw-p 00000000 00:00 0 
7f216308d000-7f216308e000 r--p 00022000 ca:01 396038                     /lib/x86_64-linux-gnu/ld-2.19.so
7f216308e000-7f216308f000 rw-p 00023000 ca:01 396038                     /lib/x86_64-linux-gnu/ld-2.19.so
7f216308f000-7f2163090000 rw-p 00000000 00:00 0 
7ffd89ded000-7ffd89e0e000 rw-p 00000000 00:00 0                          [stack]
7ffd89f6c000-7ffd89f6e000 r-xp 00000000 00:00 0                          [vdso]
ffffffffff600000-ffffffffff601000 r-xp 00000000 00:00 0                  [vsyscall]

VM Arguments:
jvm_args: -Dmaven.home=/var/lib/jenkins/workspace -Dmaven.multiModuleProjectDirectory=/var/lib/jenkins/workspace/Auth-Service-Build 
java_command: org.apache.maven.wrapper.MavenWrapperMain clean install
java_class_path (initial): /var/lib/jenkins/workspace/Auth-Service-Build/.mvn/wrapper/maven-wrapper.jar
Launcher Type: SUN_STANDARD

Environment Variables:
JAVA_HOME=/usr/lib/jvm/java-8-oracle
PATH=/usr/local/bin:/usr/bin:/bin:/usr/local/games:/usr/games:/usr/lib/jvm/java-8-oracle/bin:/usr/lib/jvm/java-8-oracle/db/bin:/usr/lib/jvm/java-8-oracle/jre/bin
SHELL=/bin/bash

Signal Handlers:
SIGSEGV: [libjvm.so+0xac64b0], sa_mask[0]=11111111011111111101111111111110, sa_flags=SA_RESTART|SA_SIGINFO
SIGBUS: [libjvm.so+0xac64b0], sa_mask[0]=11111111011111111101111111111110, sa_flags=SA_RESTART|SA_SIGINFO
SIGFPE: [libjvm.so+0x91f950], sa_mask[0]=11111111011111111101111111111110, sa_flags=SA_RESTART|SA_SIGINFO
SIGPIPE: [libjvm.so+0x91f950], sa_mask[0]=11111111011111111101111111111110, sa_flags=SA_RESTART|SA_SIGINFO
SIGXFSZ: [libjvm.so+0x91f950], sa_mask[0]=11111111011111111101111111111110, sa_flags=SA_RESTART|SA_SIGINFO
SIGILL: [libjvm.so+0x91f950], sa_mask[0]=11111111011111111101111111111110, sa_flags=SA_RESTART|SA_SIGINFO
SIGUSR1: SIG_DFL, sa_mask[0]=00000000000000000000000000000000, sa_flags=none
SIGUSR2: [libjvm.so+0x920f80], sa_mask[0]=00100000000000000000000000000000, sa_flags=SA_RESTART|SA_SIGINFO
SIGHUP: SIG_IGN, sa_mask[0]=00000000000000000000000000000000, sa_flags=none
SIGINT: [libjvm.so+0x922380], sa_mask[0]=11111111011111111101111111111110, sa_flags=SA_RESTART|SA_SIGINFO
SIGTERM: [libjvm.so+0x922380], sa_mask[0]=11111111011111111101111111111110, sa_flags=SA_RESTART|SA_SIGINFO
SIGQUIT: [libjvm.so+0x922380], sa_mask[0]=11111111011111111101111111111110, sa_flags=SA_RESTART|SA_SIGINFO


---------------  S Y S T E M  ---------------

OS:DISTRIB_ID=Ubuntu
DISTRIB_RELEASE=14.04
DISTRIB_CODENAME=trusty
DISTRIB_DESCRIPTION="Ubuntu 14.04.4 LTS"

uname:Linux 3.13.0-92-generic #139-Ubuntu SMP Tue Jun 28 20:42:26 UTC 2016 x86_64
libc:glibc 2.19 NPTL 2.19 
rlimit: STACK 8192k, CORE 0k, NPROC 7862, NOFILE 8192, AS infinity
load average:0.24 0.06 0.06

/proc/meminfo:
MemTotal:        1016304 kB
MemFree:           63916 kB
Buffers:             632 kB
Cached:            14928 kB
SwapCached:            0 kB
Active:           882548 kB
Inactive:          10936 kB
Active(anon):     878060 kB
Inactive(anon):      560 kB
Active(file):       4488 kB
Inactive(file):    10376 kB
Unevictable:           0 kB
Mlocked:               0 kB
SwapTotal:             0 kB
SwapFree:              0 kB
Dirty:               448 kB
Writeback:             0 kB
AnonPages:        877932 kB
Mapped:             6656 kB
Shmem:               672 kB
Slab:              28312 kB
SReclaimable:      13968 kB
SUnreclaim:        14344 kB
KernelStack:        2768 kB
PageTables:         5916 kB
NFS_Unstable:          0 kB
Bounce:                0 kB
WritebackTmp:          0 kB
CommitLimit:      508152 kB
Committed_AS:    1842668 kB
VmallocTotal:   34359738367 kB
VmallocUsed:       12680 kB
VmallocChunk:   34359716384 kB
HardwareCorrupted:     0 kB
AnonHugePages:    489472 kB
HugePages_Total:       0
HugePages_Free:        0
HugePages_Rsvd:        0
HugePages_Surp:        0
Hugepagesize:       2048 kB
DirectMap4k:       47104 kB
DirectMap2M:     1132544 kB


CPU:total 1 (1 cores per cpu, 1 threads per core) family 6 model 63 stepping 2, cmov, cx8, fxsr, mmx, sse, sse2, sse3, ssse3, sse4.1, sse4.2, popcnt, avx, avx2, aes, clmul, erms, lzcnt, tsc, bmi1, bmi2

/proc/cpuinfo:
processor	: 0
vendor_id	: GenuineIntel
cpu family	: 6
model		: 63
model name	: Intel(R) Xeon(R) CPU E5-2676 v3 @ 2.40GHz
stepping	: 2
microcode	: 0x25
cpu MHz		: 2400.062
cache size	: 30720 KB
physical id	: 0
siblings	: 1
core id		: 0
cpu cores	: 1
apicid		: 0
initial apicid	: 0
fpu		: yes
fpu_exception	: yes
cpuid level	: 13
wp		: yes
flags		: fpu vme de pse tsc msr pae mce cx8 apic sep mtrr pge mca cmov pat pse36 clflush mmx fxsr sse sse2 ht syscall nx rdtscp lm constant_tsc rep_good nopl xtopology eagerfpu pni pclmulqdq ssse3 fma cx16 pcid sse4_1 sse4_2 x2apic movbe popcnt tsc_deadline_timer aes xsave avx f16c rdrand hypervisor lahf_lm abm xsaveopt fsgsbase bmi1 avx2 smep bmi2 erms invpcid
bogomips	: 4800.12
clflush size	: 64
cache_alignment	: 64
address sizes	: 46 bits physical, 48 bits virtual
power management:



Memory: 4k page, physical 1016304k(63916k free), swap 0k(0k free)

vm_info: Java HotSpot(TM) 64-Bit Server VM (25.111-b14) for linux-amd64 JRE (1.8.0_111-b14), built on Sep 22 2016 16:14:03 by "java_re" with gcc 4.3.0 20080428 (Red Hat 4.3.0-8)

time: Thu Nov 24 19:51:19 2016
elapsed time: 6 seconds (0d 0h 0m 6s)

