#
# There is insufficient memory for the Java Runtime Environment to continue.
# Native memory allocation (mmap) failed to map 262144 bytes for committing reserved memory.
# Possible reasons:
#   The system is out of physical RAM or swap space
#   In 32 bit mode, the process size limit was hit
# Possible solutions:
#   Reduce memory load on the system
#   Increase physical memory or swap space
#   Check if swap backing store is full
#   Use 64 bit Java on a 64 bit OS
#   Decrease Java heap size (-Xmx/-Xms)
#   Decrease number of Java threads
#   Decrease Java thread stack sizes (-Xss)
#   Set larger code cache with -XX:ReservedCodeCacheSize=
# This output file may be truncated or incomplete.
#
#  Out of Memory Error (os_linux.cpp:2627), pid=14348, tid=0x00007f2a1404a700
#
# JRE version: Java(TM) SE Runtime Environment (8.0_111-b14) (build 1.8.0_111-b14)
# Java VM: Java HotSpot(TM) 64-Bit Server VM (25.111-b14 mixed mode linux-amd64 compressed oops)
# Failed to write core dump. Core dumps have been disabled. To enable core dumping, try "ulimit -c unlimited" before starting Java again
#

---------------  T H R E A D  ---------------

Current thread (0x00007f2a0c00a000):  JavaThread "main" [_thread_in_vm, id=14357, stack(0x00007f2a13f4a000,0x00007f2a1404b000)]

Stack: [0x00007f2a13f4a000,0x00007f2a1404b000],  sp=0x00007f2a14044240,  free space=1000k
Native frames: (J=compiled Java code, j=interpreted, Vv=VM code, C=native code)
V  [libjvm.so+0xac5c2a]  VMError::report_and_die()+0x2ba
V  [libjvm.so+0x4fc50b]  report_vm_out_of_memory(char const*, int, unsigned long, VMErrorType, char const*)+0x8b
V  [libjvm.so+0x922ae3]  os::Linux::commit_memory_impl(char*, unsigned long, bool)+0x103
V  [libjvm.so+0x923039]  os::pd_commit_memory(char*, unsigned long, unsigned long, bool)+0x29
V  [libjvm.so+0x91d33a]  os::commit_memory(char*, unsigned long, unsigned long, bool)+0x2a
V  [libjvm.so+0xac1989]  VirtualSpace::expand_by(unsigned long, bool)+0x199
V  [libjvm.so+0x8a1786]  VirtualSpaceList::expand_node_by(VirtualSpaceNode*, unsigned long, unsigned long)+0x76
V  [libjvm.so+0x8a45a0]  VirtualSpaceList::expand_by(unsigned long, unsigned long)+0xf0
V  [libjvm.so+0x8a4733]  VirtualSpaceList::get_new_chunk(unsigned long, unsigned long, unsigned long)+0xb3
V  [libjvm.so+0x8a6282]  SpaceManager::grow_and_allocate(unsigned long)+0x2d2
V  [libjvm.so+0x8a648b]  SpaceManager::allocate_work(unsigned long)+0x14b
V  [libjvm.so+0x8a651c]  SpaceManager::allocate(unsigned long)+0x7c
V  [libjvm.so+0x8a676e]  Metaspace::allocate(ClassLoaderData*, unsigned long, bool, MetaspaceObj::Type, Thread*)+0x17e
V  [libjvm.so+0x8af51c]  Method::allocate(ClassLoaderData*, int, AccessFlags, InlineTableSizes*, ConstMethod::MethodType, Thread*)+0x8c
V  [libjvm.so+0x45f31f]  ClassFileParser::parse_method(bool, AccessFlags*, Thread*)+0x16ff
V  [libjvm.so+0x45fab3]  ClassFileParser::parse_methods(bool, AccessFlags*, bool*, bool*, Thread*)+0x293
V  [libjvm.so+0x46093a]  ClassFileParser::parseClassFile(Symbol*, ClassLoaderData*, Handle, KlassHandle, GrowableArray<Handle>*, TempNewSymbol&, bool, Thread*)+0xcca
V  [libjvm.so+0xa3606f]  SystemDictionary::resolve_from_stream(Symbol*, Handle, Handle, ClassFileStream*, bool, Thread*)+0x17f
V  [libjvm.so+0x71014e]  jvm_define_class_common(JNIEnv_*, char const*, _jobject*, signed char const*, int, _jobject*, char const*, unsigned char, Thread*)+0x2ae
V  [libjvm.so+0x715521]  JVM_DefineClassWithSource+0xe1
C  [libjava.so+0xebb5]  Java_java_lang_ClassLoader_defineClass1+0x155
J 404  java.lang.ClassLoader.defineClass1(Ljava/lang/String;[BIILjava/security/ProtectionDomain;Ljava/lang/String;)Ljava/lang/Class; (0 bytes) @ 0x00007f29fd21030b [0x00007f29fd210200+0x10b]
J 408 C1 java.lang.ClassLoader.defineClass(Ljava/lang/String;[BIILjava/security/ProtectionDomain;)Ljava/lang/Class; (43 bytes) @ 0x00007f29fd211086 [0x00007f29fd210ac0+0x5c6]
J 3633 C1 java.security.SecureClassLoader.defineClass(Ljava/lang/String;[BIILjava/security/CodeSource;)Ljava/lang/Class; (16 bytes) @ 0x00007f29fd8f1d20 [0x00007f29fd8f1c80+0xa0]
J 3029 C2 java.net.URLClassLoader$1.run()Ljava/lang/Class; (63 bytes) @ 0x00007f29fd85bec4 [0x00007f29fd85a660+0x1864]
J 214 C1 java.net.URLClassLoader$1.run()Ljava/lang/Object; (5 bytes) @ 0x00007f29fd1836c9 [0x00007f29fd183640+0x89]
v  ~StubRoutines::call_stub
V  [libjvm.so+0x690206]  JavaCalls::call_helper(JavaValue*, methodHandle*, JavaCallArguments*, Thread*)+0x1056
V  [libjvm.so+0x728e4c]  JVM_DoPrivileged+0x27c
J 213  java.security.AccessController.doPrivileged(Ljava/security/PrivilegedExceptionAction;Ljava/security/AccessControlContext;)Ljava/lang/Object; (0 bytes) @ 0x00007f29fd183a95 [0x00007f29fd1839c0+0xd5]
J 3030 C2 java.net.URLClassLoader.findClass(Ljava/lang/String;)Ljava/lang/Class; (47 bytes) @ 0x00007f29fd9b7730 [0x00007f29fd9b76a0+0x90]
J 2609 C1 org.codehaus.plexus.classworlds.realm.ClassRealm.loadClassFromSelf(Ljava/lang/String;)Ljava/lang/Class; (40 bytes) @ 0x00007f29fd7b4e23 [0x00007f29fd7b4a40+0x3e3]
J 2602 C1 org.codehaus.plexus.classworlds.strategy.SelfFirstStrategy.loadClass(Ljava/lang/String;)Ljava/lang/Class; (50 bytes) @ 0x00007f29fd7b054d [0x00007f29fd7b0180+0x3cd]
J 2612 C1 org.codehaus.plexus.classworlds.realm.ClassRealm.loadClass(Ljava/lang/String;)Ljava/lang/Class; (7 bytes) @ 0x00007f29fd7b455e [0x00007f29fd7b42e0+0x27e]
v  ~StubRoutines::call_stub
V  [libjvm.so+0x690206]  JavaCalls::call_helper(JavaValue*, methodHandle*, JavaCallArguments*, Thread*)+0x1056
V  [libjvm.so+0x690711]  JavaCalls::call_virtual(JavaValue*, KlassHandle, Symbol*, Symbol*, JavaCallArguments*, Thread*)+0x321
V  [libjvm.so+0x690b66]  JavaCalls::call_virtual(JavaValue*, Handle, KlassHandle, Symbol*, Symbol*, Handle, Thread*)+0x56
V  [libjvm.so+0xa3b510]  SystemDictionary::load_instance_class(Symbol*, Handle, Thread*)+0x3f0
V  [libjvm.so+0xa3a45c]  SystemDictionary::resolve_instance_class_or_null(Symbol*, Handle, Handle, Thread*)+0x7cc
V  [libjvm.so+0xa3b933]  SystemDictionary::resolve_or_fail(Symbol*, Handle, Handle, bool, Thread*)+0x33
V  [libjvm.so+0x999cd6]  get_mirror_from_signature(methodHandle, SignatureStream*, Thread*)+0xc6
V  [libjvm.so+0x99d39e]  Reflection::get_parameter_types(methodHandle, int, oopDesc**, Thread*)+0x18e
V  [libjvm.so+0x99df3c]  Reflection::new_method(methodHandle, bool, bool, Thread*)+0xfc
V  [libjvm.so+0x728619]  get_class_declared_methods_helper(JNIEnv_*, _jclass*, unsigned char, bool, Klass*, Thread*)+0x479
V  [libjvm.so+0x728aab]  JVM_GetClassDeclaredMethods+0xcb
J 968  java.lang.Class.getDeclaredMethods0(Z)[Ljava/lang/reflect/Method; (0 bytes) @ 0x00007f29fd397268 [0x00007f29fd3971c0+0xa8]
J 631 C1 java.lang.Class.privateGetDeclaredMethods(Z)[Ljava/lang/reflect/Method; (67 bytes) @ 0x00007f29fd2a3ca4 [0x00007f29fd2a39a0+0x304]
J 664 C1 com.google.inject.spi.InjectionPoint.getInjectionPoints(Lcom/google/inject/TypeLiteral;ZLcom/google/inject/internal/Errors;)Ljava/util/Set; (495 bytes) @ 0x00007f29fd2b6a2a [0x00007f29fd2b56a0+0x138a]
J 846 C1 com.google.inject.spi.InjectionPoint.forInstanceMethodsAndFields(Lcom/google/inject/TypeLiteral;)Ljava/util/Set; (40 bytes) @ 0x00007f29fd334f85 [0x00007f29fd334e00+0x185]
J 2756 C1 org.eclipse.sisu.wire.DependencyAnalyzer.analyzeImplementation(Lcom/google/inject/TypeLiteral;Z)Ljava/lang/Boolean; (133 bytes) @ 0x00007f29fd2ef440 [0x00007f29fd2ef200+0x240]
j  org.eclipse.sisu.wire.DependencyAnalyzer.visit(Lcom/google/inject/spi/ProviderInstanceBinding;)Ljava/lang/Boolean;+33
j  org.eclipse.sisu.wire.DependencyAnalyzer.visit(Lcom/google/inject/spi/ProviderInstanceBinding;)Ljava/lang/Object;+5
J 1047 C1 com.google.inject.internal.ProviderInstanceBindingImpl.acceptTargetVisitor(Lcom/google/inject/spi/BindingTargetVisitor;)Ljava/lang/Object; (33 bytes) @ 0x00007f29fd3c4da6 [0x00007f29fd3c49a0+0x406]
j  org.eclipse.sisu.wire.ElementAnalyzer.visit(Lcom/google/inject/Binding;)Ljava/lang/Void;+43
J 995 C1 org.eclipse.sisu.wire.ElementAnalyzer.visit(Lcom/google/inject/Binding;)Ljava/lang/Object; (9 bytes) @ 0x00007f29fd3a7473 [0x00007f29fd3a7380+0xf3]
J 994 C1 com.google.inject.internal.BindingImpl.acceptVisitor(Lcom/google/inject/spi/ElementVisitor;)Ljava/lang/Object; (8 bytes) @ 0x00007f29fd3a7049 [0x00007f29fd3a6f40+0x109]
j  org.eclipse.sisu.wire.WireModule.configure(Lcom/google/inject/Binder;)V+39
j  com.google.inject.spi.Elements$RecordingBinder.install(Lcom/google/inject/Module;)V+161
j  com.google.inject.spi.Elements.getElements(Lcom/google/inject/Stage;Ljava/lang/Iterable;)Ljava/util/List;+40
j  com.google.inject.internal.InjectorShell$Builder.build(Lcom/google/inject/internal/Initializer;Lcom/google/inject/internal/ProcessedBindingData;Lcom/google/inject/internal/util/Stopwatch;Lcom/google/inject/internal/Errors;)Ljava/util/List;+122
j  com.google.inject.internal.InternalInjectorCreator.build()Lcom/google/inject/Injector;+48
j  com.google.inject.Guice.createInjector(Lcom/google/inject/Stage;Ljava/lang/Iterable;)Lcom/google/inject/Injector;+15
j  com.google.inject.Guice.createInjector(Ljava/lang/Iterable;)Lcom/google/inject/Injector;+4
j  com.google.inject.Guice.createInjector([Lcom/google/inject/Module;)Lcom/google/inject/Injector;+4
j  org.codehaus.plexus.DefaultPlexusContainer.addPlexusInjector(Ljava/util/List;[Lcom/google/inject/Module;)Lcom/google/inject/Injector;+88
j  org.codehaus.plexus.DefaultPlexusContainer.discoverComponents(Lorg/codehaus/plexus/classworlds/realm/ClassRealm;[Lcom/google/inject/Module;)Ljava/util/List;+166
j  org.apache.maven.plugin.internal.DefaultMavenPluginManager.discoverPluginComponents(Lorg/codehaus/plexus/classworlds/realm/ClassRealm;Lorg/apache/maven/model/Plugin;Lorg/apache/maven/plugin/descriptor/PluginDescriptor;)V+97
j  org.apache.maven.plugin.internal.DefaultMavenPluginManager.createPluginRealm(Lorg/apache/maven/plugin/descriptor/PluginDescriptor;Lorg/apache/maven/execution/MavenSession;Ljava/lang/ClassLoader;Ljava/util/Map;Lorg/eclipse/aether/graph/DependencyFilter;)V+149
j  org.apache.maven.plugin.internal.DefaultMavenPluginManager.setupPluginRealm(Lorg/apache/maven/plugin/descriptor/PluginDescriptor;Lorg/apache/maven/execution/MavenSession;Ljava/lang/ClassLoader;Ljava/util/List;Lorg/eclipse/aether/graph/DependencyFilter;)V+263
j  org.apache.maven.plugin.DefaultBuildPluginManager.getPluginRealm(Lorg/apache/maven/execution/MavenSession;Lorg/apache/maven/plugin/descriptor/PluginDescriptor;)Lorg/codehaus/plexus/classworlds/realm/ClassRealm;+20
j  org.apache.maven.plugin.DefaultBuildPluginManager.executeMojo(Lorg/apache/maven/execution/MavenSession;Lorg/apache/maven/plugin/MojoExecution;)V+21
j  org.apache.maven.lifecycle.internal.MojoExecutor.execute(Lorg/apache/maven/execution/MavenSession;Lorg/apache/maven/plugin/MojoExecution;Lorg/apache/maven/lifecycle/internal/ProjectIndex;Lorg/apache/maven/lifecycle/internal/DependencyContext;)V+220
j  org.apache.maven.lifecycle.internal.MojoExecutor.execute(Lorg/apache/maven/execution/MavenSession;Lorg/apache/maven/plugin/MojoExecution;Lorg/apache/maven/lifecycle/internal/ProjectIndex;Lorg/apache/maven/lifecycle/internal/DependencyContext;Lorg/apache/maven/lifecycle/internal/PhaseRecorder;)V+6
j  org.apache.maven.lifecycle.internal.MojoExecutor.execute(Lorg/apache/maven/execution/MavenSession;Ljava/util/List;Lorg/apache/maven/lifecycle/internal/ProjectIndex;)V+60
j  org.apache.maven.lifecycle.internal.LifecycleModuleBuilder.buildProject(Lorg/apache/maven/execution/MavenSession;Lorg/apache/maven/execution/MavenSession;Lorg/apache/maven/lifecycle/internal/ReactorContext;Lorg/apache/maven/project/MavenProject;Lorg/apache/maven/lifecycle/internal/TaskSegment;)V+180
j  org.apache.maven.lifecycle.internal.LifecycleModuleBuilder.buildProject(Lorg/apache/maven/execution/MavenSession;Lorg/apache/maven/lifecycle/internal/ReactorContext;Lorg/apache/maven/project/MavenProject;Lorg/apache/maven/lifecycle/internal/TaskSegment;)V+7
j  org.apache.maven.lifecycle.internal.builder.singlethreaded.SingleThreadedBuilder.build(Lorg/apache/maven/execution/MavenSession;Lorg/apache/maven/lifecycle/internal/ReactorContext;Lorg/apache/maven/lifecycle/internal/ProjectBuildList;Ljava/util/List;Lorg/apache/maven/lifecycle/internal/ReactorBuildStatus;)V+77
j  org.apache.maven.lifecycle.internal.LifecycleStarter.execute(Lorg/apache/maven/execution/MavenSession;)V+353
j  org.apache.maven.DefaultMaven.doExecute(Lorg/apache/maven/execution/MavenExecutionRequest;Lorg/apache/maven/execution/MavenSession;Lorg/apache/maven/execution/MavenExecutionResult;Lorg/eclipse/aether/DefaultRepositorySystemSession;)Lorg/apache/maven/execution/MavenExecutionResult;+414
j  org.apache.maven.DefaultMaven.doExecute(Lorg/apache/maven/execution/MavenExecutionRequest;)Lorg/apache/maven/execution/MavenExecutionResult;+99
j  org.apache.maven.DefaultMaven.execute(Lorg/apache/maven/execution/MavenExecutionRequest;)Lorg/apache/maven/execution/MavenExecutionResult;+2
j  org.apache.maven.cli.MavenCli.execute(Lorg/apache/maven/cli/CliRequest;)I+27
j  org.apache.maven.cli.MavenCli.doMain(Lorg/apache/maven/cli/CliRequest;)I+66
j  org.apache.maven.cli.MavenCli.main([Ljava/lang/String;Lorg/codehaus/plexus/classworlds/ClassWorld;)I+18
v  ~StubRoutines::call_stub
V  [libjvm.so+0x690206]  JavaCalls::call_helper(JavaValue*, methodHandle*, JavaCallArguments*, Thread*)+0x1056
V  [libjvm.so+0x99af17]  Reflection::invoke(instanceKlassHandle, methodHandle, Handle, bool, objArrayHandle, BasicType, objArrayHandle, bool, Thread*)+0x5d7
V  [libjvm.so+0x99e627]  Reflection::invoke_method(oopDesc*, Handle, objArrayHandle, Thread*)+0x147
V  [libjvm.so+0x71b2ab]  JVM_InvokeMethod+0x26b
j  sun.reflect.NativeMethodAccessorImpl.invoke0(Ljava/lang/reflect/Method;Ljava/lang/Object;[Ljava/lang/Object;)Ljava/lang/Object;+0
j  sun.reflect.NativeMethodAccessorImpl.invoke(Ljava/lang/Object;[Ljava/lang/Object;)Ljava/lang/Object;+100
j  sun.reflect.DelegatingMethodAccessorImpl.invoke(Ljava/lang/Object;[Ljava/lang/Object;)Ljava/lang/Object;+6
j  java.lang.reflect.Method.invoke(Ljava/lang/Object;[Ljava/lang/Object;)Ljava/lang/Object;+56
j  org.codehaus.plexus.classworlds.launcher.Launcher.launchEnhanced([Ljava/lang/String;)V+45
j  org.codehaus.plexus.classworlds.launcher.Launcher.launch([Ljava/lang/String;)V+2
j  org.codehaus.plexus.classworlds.launcher.Launcher.mainWithExitCode([Ljava/lang/String;)I+101
j  org.codehaus.plexus.classworlds.launcher.Launcher.main([Ljava/lang/String;)V+1
v  ~StubRoutines::call_stub
V  [libjvm.so+0x690206]  JavaCalls::call_helper(JavaValue*, methodHandle*, JavaCallArguments*, Thread*)+0x1056
...<more frames>...

Java frames: (J=compiled Java code, j=interpreted, Vv=VM code)
J 404  java.lang.ClassLoader.defineClass1(Ljava/lang/String;[BIILjava/security/ProtectionDomain;Ljava/lang/String;)Ljava/lang/Class; (0 bytes) @ 0x00007f29fd210291 [0x00007f29fd210200+0x91]
J 408 C1 java.lang.ClassLoader.defineClass(Ljava/lang/String;[BIILjava/security/ProtectionDomain;)Ljava/lang/Class; (43 bytes) @ 0x00007f29fd211086 [0x00007f29fd210ac0+0x5c6]
J 3633 C1 java.security.SecureClassLoader.defineClass(Ljava/lang/String;[BIILjava/security/CodeSource;)Ljava/lang/Class; (16 bytes) @ 0x00007f29fd8f1d20 [0x00007f29fd8f1c80+0xa0]
J 3029 C2 java.net.URLClassLoader$1.run()Ljava/lang/Class; (63 bytes) @ 0x00007f29fd85bec4 [0x00007f29fd85a660+0x1864]
J 214 C1 java.net.URLClassLoader$1.run()Ljava/lang/Object; (5 bytes) @ 0x00007f29fd1836c9 [0x00007f29fd183640+0x89]
v  ~StubRoutines::call_stub
J 213  java.security.AccessController.doPrivileged(Ljava/security/PrivilegedExceptionAction;Ljava/security/AccessControlContext;)Ljava/lang/Object; (0 bytes) @ 0x00007f29fd183a23 [0x00007f29fd1839c0+0x63]
J 3030 C2 java.net.URLClassLoader.findClass(Ljava/lang/String;)Ljava/lang/Class; (47 bytes) @ 0x00007f29fd9b7730 [0x00007f29fd9b76a0+0x90]
J 2609 C1 org.codehaus.plexus.classworlds.realm.ClassRealm.loadClassFromSelf(Ljava/lang/String;)Ljava/lang/Class; (40 bytes) @ 0x00007f29fd7b4e23 [0x00007f29fd7b4a40+0x3e3]
J 2602 C1 org.codehaus.plexus.classworlds.strategy.SelfFirstStrategy.loadClass(Ljava/lang/String;)Ljava/lang/Class; (50 bytes) @ 0x00007f29fd7b054d [0x00007f29fd7b0180+0x3cd]
J 2612 C1 org.codehaus.plexus.classworlds.realm.ClassRealm.loadClass(Ljava/lang/String;)Ljava/lang/Class; (7 bytes) @ 0x00007f29fd7b455e [0x00007f29fd7b42e0+0x27e]
v  ~StubRoutines::call_stub
J 968  java.lang.Class.getDeclaredMethods0(Z)[Ljava/lang/reflect/Method; (0 bytes) @ 0x00007f29fd3971f8 [0x00007f29fd3971c0+0x38]
J 631 C1 java.lang.Class.privateGetDeclaredMethods(Z)[Ljava/lang/reflect/Method; (67 bytes) @ 0x00007f29fd2a3ca4 [0x00007f29fd2a39a0+0x304]
J 664 C1 com.google.inject.spi.InjectionPoint.getInjectionPoints(Lcom/google/inject/TypeLiteral;ZLcom/google/inject/internal/Errors;)Ljava/util/Set; (495 bytes) @ 0x00007f29fd2b6a2a [0x00007f29fd2b56a0+0x138a]
J 846 C1 com.google.inject.spi.InjectionPoint.forInstanceMethodsAndFields(Lcom/google/inject/TypeLiteral;)Ljava/util/Set; (40 bytes) @ 0x00007f29fd334f85 [0x00007f29fd334e00+0x185]
J 2756 C1 org.eclipse.sisu.wire.DependencyAnalyzer.analyzeImplementation(Lcom/google/inject/TypeLiteral;Z)Ljava/lang/Boolean; (133 bytes) @ 0x00007f29fd2ef440 [0x00007f29fd2ef200+0x240]
j  org.eclipse.sisu.wire.DependencyAnalyzer.visit(Lcom/google/inject/spi/ProviderInstanceBinding;)Ljava/lang/Boolean;+33
j  org.eclipse.sisu.wire.DependencyAnalyzer.visit(Lcom/google/inject/spi/ProviderInstanceBinding;)Ljava/lang/Object;+5
J 1047 C1 com.google.inject.internal.ProviderInstanceBindingImpl.acceptTargetVisitor(Lcom/google/inject/spi/BindingTargetVisitor;)Ljava/lang/Object; (33 bytes) @ 0x00007f29fd3c4da6 [0x00007f29fd3c49a0+0x406]
j  org.eclipse.sisu.wire.ElementAnalyzer.visit(Lcom/google/inject/Binding;)Ljava/lang/Void;+43
J 995 C1 org.eclipse.sisu.wire.ElementAnalyzer.visit(Lcom/google/inject/Binding;)Ljava/lang/Object; (9 bytes) @ 0x00007f29fd3a7473 [0x00007f29fd3a7380+0xf3]
J 994 C1 com.google.inject.internal.BindingImpl.acceptVisitor(Lcom/google/inject/spi/ElementVisitor;)Ljava/lang/Object; (8 bytes) @ 0x00007f29fd3a7049 [0x00007f29fd3a6f40+0x109]
j  org.eclipse.sisu.wire.WireModule.configure(Lcom/google/inject/Binder;)V+39
j  com.google.inject.spi.Elements$RecordingBinder.install(Lcom/google/inject/Module;)V+161
j  com.google.inject.spi.Elements.getElements(Lcom/google/inject/Stage;Ljava/lang/Iterable;)Ljava/util/List;+40
j  com.google.inject.internal.InjectorShell$Builder.build(Lcom/google/inject/internal/Initializer;Lcom/google/inject/internal/ProcessedBindingData;Lcom/google/inject/internal/util/Stopwatch;Lcom/google/inject/internal/Errors;)Ljava/util/List;+122
j  com.google.inject.internal.InternalInjectorCreator.build()Lcom/google/inject/Injector;+48
j  com.google.inject.Guice.createInjector(Lcom/google/inject/Stage;Ljava/lang/Iterable;)Lcom/google/inject/Injector;+15
j  com.google.inject.Guice.createInjector(Ljava/lang/Iterable;)Lcom/google/inject/Injector;+4
j  com.google.inject.Guice.createInjector([Lcom/google/inject/Module;)Lcom/google/inject/Injector;+4
j  org.codehaus.plexus.DefaultPlexusContainer.addPlexusInjector(Ljava/util/List;[Lcom/google/inject/Module;)Lcom/google/inject/Injector;+88
j  org.codehaus.plexus.DefaultPlexusContainer.discoverComponents(Lorg/codehaus/plexus/classworlds/realm/ClassRealm;[Lcom/google/inject/Module;)Ljava/util/List;+166
j  org.apache.maven.plugin.internal.DefaultMavenPluginManager.discoverPluginComponents(Lorg/codehaus/plexus/classworlds/realm/ClassRealm;Lorg/apache/maven/model/Plugin;Lorg/apache/maven/plugin/descriptor/PluginDescriptor;)V+97
j  org.apache.maven.plugin.internal.DefaultMavenPluginManager.createPluginRealm(Lorg/apache/maven/plugin/descriptor/PluginDescriptor;Lorg/apache/maven/execution/MavenSession;Ljava/lang/ClassLoader;Ljava/util/Map;Lorg/eclipse/aether/graph/DependencyFilter;)V+149
j  org.apache.maven.plugin.internal.DefaultMavenPluginManager.setupPluginRealm(Lorg/apache/maven/plugin/descriptor/PluginDescriptor;Lorg/apache/maven/execution/MavenSession;Ljava/lang/ClassLoader;Ljava/util/List;Lorg/eclipse/aether/graph/DependencyFilter;)V+263
j  org.apache.maven.plugin.DefaultBuildPluginManager.getPluginRealm(Lorg/apache/maven/execution/MavenSession;Lorg/apache/maven/plugin/descriptor/PluginDescriptor;)Lorg/codehaus/plexus/classworlds/realm/ClassRealm;+20
j  org.apache.maven.plugin.DefaultBuildPluginManager.executeMojo(Lorg/apache/maven/execution/MavenSession;Lorg/apache/maven/plugin/MojoExecution;)V+21
j  org.apache.maven.lifecycle.internal.MojoExecutor.execute(Lorg/apache/maven/execution/MavenSession;Lorg/apache/maven/plugin/MojoExecution;Lorg/apache/maven/lifecycle/internal/ProjectIndex;Lorg/apache/maven/lifecycle/internal/DependencyContext;)V+220
j  org.apache.maven.lifecycle.internal.MojoExecutor.execute(Lorg/apache/maven/execution/MavenSession;Lorg/apache/maven/plugin/MojoExecution;Lorg/apache/maven/lifecycle/internal/ProjectIndex;Lorg/apache/maven/lifecycle/internal/DependencyContext;Lorg/apache/maven/lifecycle/internal/PhaseRecorder;)V+6
j  org.apache.maven.lifecycle.internal.MojoExecutor.execute(Lorg/apache/maven/execution/MavenSession;Ljava/util/List;Lorg/apache/maven/lifecycle/internal/ProjectIndex;)V+60
j  org.apache.maven.lifecycle.internal.LifecycleModuleBuilder.buildProject(Lorg/apache/maven/execution/MavenSession;Lorg/apache/maven/execution/MavenSession;Lorg/apache/maven/lifecycle/internal/ReactorContext;Lorg/apache/maven/project/MavenProject;Lorg/apache/maven/lifecycle/internal/TaskSegment;)V+180
j  org.apache.maven.lifecycle.internal.LifecycleModuleBuilder.buildProject(Lorg/apache/maven/execution/MavenSession;Lorg/apache/maven/lifecycle/internal/ReactorContext;Lorg/apache/maven/project/MavenProject;Lorg/apache/maven/lifecycle/internal/TaskSegment;)V+7
j  org.apache.maven.lifecycle.internal.builder.singlethreaded.SingleThreadedBuilder.build(Lorg/apache/maven/execution/MavenSession;Lorg/apache/maven/lifecycle/internal/ReactorContext;Lorg/apache/maven/lifecycle/internal/ProjectBuildList;Ljava/util/List;Lorg/apache/maven/lifecycle/internal/ReactorBuildStatus;)V+77
j  org.apache.maven.lifecycle.internal.LifecycleStarter.execute(Lorg/apache/maven/execution/MavenSession;)V+353
j  org.apache.maven.DefaultMaven.doExecute(Lorg/apache/maven/execution/MavenExecutionRequest;Lorg/apache/maven/execution/MavenSession;Lorg/apache/maven/execution/MavenExecutionResult;Lorg/eclipse/aether/DefaultRepositorySystemSession;)Lorg/apache/maven/execution/MavenExecutionResult;+414
j  org.apache.maven.DefaultMaven.doExecute(Lorg/apache/maven/execution/MavenExecutionRequest;)Lorg/apache/maven/execution/MavenExecutionResult;+99
j  org.apache.maven.DefaultMaven.execute(Lorg/apache/maven/execution/MavenExecutionRequest;)Lorg/apache/maven/execution/MavenExecutionResult;+2
j  org.apache.maven.cli.MavenCli.execute(Lorg/apache/maven/cli/CliRequest;)I+27
j  org.apache.maven.cli.MavenCli.doMain(Lorg/apache/maven/cli/CliRequest;)I+66
j  org.apache.maven.cli.MavenCli.main([Ljava/lang/String;Lorg/codehaus/plexus/classworlds/ClassWorld;)I+18
v  ~StubRoutines::call_stub
j  sun.reflect.NativeMethodAccessorImpl.invoke0(Ljava/lang/reflect/Method;Ljava/lang/Object;[Ljava/lang/Object;)Ljava/lang/Object;+0
j  sun.reflect.NativeMethodAccessorImpl.invoke(Ljava/lang/Object;[Ljava/lang/Object;)Ljava/lang/Object;+100
j  sun.reflect.DelegatingMethodAccessorImpl.invoke(Ljava/lang/Object;[Ljava/lang/Object;)Ljava/lang/Object;+6
j  java.lang.reflect.Method.invoke(Ljava/lang/Object;[Ljava/lang/Object;)Ljava/lang/Object;+56
j  org.codehaus.plexus.classworlds.launcher.Launcher.launchEnhanced([Ljava/lang/String;)V+45
j  org.codehaus.plexus.classworlds.launcher.Launcher.launch([Ljava/lang/String;)V+2
j  org.codehaus.plexus.classworlds.launcher.Launcher.mainWithExitCode([Ljava/lang/String;)I+101
j  org.codehaus.plexus.classworlds.launcher.Launcher.main([Ljava/lang/String;)V+1
v  ~StubRoutines::call_stub
j  sun.reflect.NativeMethodAccessorImpl.invoke0(Ljava/lang/reflect/Method;Ljava/lang/Object;[Ljava/lang/Object;)Ljava/lang/Object;+0
j  sun.reflect.NativeMethodAccessorImpl.invoke(Ljava/lang/Object;[Ljava/lang/Object;)Ljava/lang/Object;+100
j  sun.reflect.DelegatingMethodAccessorImpl.invoke(Ljava/lang/Object;[Ljava/lang/Object;)Ljava/lang/Object;+6
j  java.lang.reflect.Method.invoke(Ljava/lang/Object;[Ljava/lang/Object;)Ljava/lang/Object;+56
j  org.apache.maven.wrapper.BootstrapMainStarter.start([Ljava/lang/String;Ljava/io/File;)V+111
j  org.apache.maven.wrapper.WrapperExecutor.execute([Ljava/lang/String;Lorg/apache/maven/wrapper/Installer;Lorg/apache/maven/wrapper/BootstrapMainStarter;)V+14
j  org.apache.maven.wrapper.MavenWrapperMain.main([Ljava/lang/String;)V+80
v  ~StubRoutines::call_stub

---------------  P R O C E S S  ---------------

Java Threads: ( => current thread )
  0x00007f2a0c0b4800 JavaThread "Service Thread" daemon [_thread_blocked, id=14364, stack(0x00007f29fc871000,0x00007f29fc972000)]
  0x00007f2a0c0b1000 JavaThread "C1 CompilerThread1" daemon [_thread_blocked, id=14363, stack(0x00007f29fc972000,0x00007f29fca73000)]
  0x00007f2a0c0af000 JavaThread "C2 CompilerThread0" daemon [_thread_in_vm, id=14362, stack(0x00007f29fca73000,0x00007f29fcb74000)]
  0x00007f2a0c0ad800 JavaThread "Signal Dispatcher" daemon [_thread_blocked, id=14361, stack(0x00007f29fcb74000,0x00007f29fcc75000)]
  0x00007f2a0c07a800 JavaThread "Finalizer" daemon [_thread_blocked, id=14360, stack(0x00007f29fcdfe000,0x00007f29fceff000)]
  0x00007f2a0c076000 JavaThread "Reference Handler" daemon [_thread_blocked, id=14359, stack(0x00007f29fceff000,0x00007f29fd000000)]
=>0x00007f2a0c00a000 JavaThread "main" [_thread_in_vm, id=14357, stack(0x00007f2a13f4a000,0x00007f2a1404b000)]

Other Threads:
  0x00007f2a0c06e800 VMThread [stack: 0x00007f2a100cd000,0x00007f2a101ce000] [id=14358]
  0x00007f2a0c0b7800 WatcherThread [stack: 0x00007f29fc770000,0x00007f29fc871000] [id=14365]

VM state:not at safepoint (normal execution)

VM Mutex/Monitor currently owned by a thread:  ([mutex/lock_event])
[0x00007f2a0c005460] CodeCache_lock - owner thread: 0x00007f2a0c0af000
[0x00007f2a0c006ae0] Compile_lock - owner thread: 0x00007f2a0c0af000
[0x00007f2a0c006be0] MethodCompileQueue_lock - owner thread: 0x00007f2a0c0af000

Heap:
 def new generation   total 19136K, used 12913K [0x00000000f0600000, 0x00000000f1ac0000, 0x00000000f5950000)
  eden space 17024K,  63% used [0x00000000f0600000, 0x00000000f108c598, 0x00000000f16a0000)
  from space 2112K, 100% used [0x00000000f16a0000, 0x00000000f18b0000, 0x00000000f18b0000)
  to   space 2112K,   0% used [0x00000000f18b0000, 0x00000000f18b0000, 0x00000000f1ac0000)
 tenured generation   total 42388K, used 29099K [0x00000000f5950000, 0x00000000f82b5000, 0x0000000100000000)
   the space 42388K,  68% used [0x00000000f5950000, 0x00000000f75bae68, 0x00000000f75bb000, 0x00000000f82b5000)
 Metaspace       used 23011K, capacity 23614K, committed 23680K, reserved 1071104K
  class space    used 2723K, capacity 2921K, committed 2944K, reserved 1048576K

Card table byte_map: [0x00007f2a13ecc000,0x00007f2a13f4a000] byte_map_base: 0x00007f2a13749000

Polling page: 0x00007f2a14058000

CodeCache: size=245760Kb used=10069Kb max_used=10069Kb free=235691Kb
 bounds [0x00007f29fd000000, 0x00007f29fd9e0000, 0x00007f2a0c000000]
 total_blobs=4116 nmethods=3732 adapters=295
 compilation: enabled

Compilation events (10 events):
Event: 8.333 Thread 0x00007f2a0c0b1000 nmethod 4025 0x00007f29fd9d0ad0 code [0x00007f29fd9d0c20, 0x00007f29fd9d0d10]
Event: 8.334 Thread 0x00007f2a0c0af000 4020       4       sun.nio.cs.StreamDecoder::implRead (243 bytes)
Event: 8.337 Thread 0x00007f2a0c0b1000 4026       1       sun.misc.URLClassPath$JarLoader::access$900 (5 bytes)
Event: 8.337 Thread 0x00007f2a0c0b1000 nmethod 4026 0x00007f29fd9d0810 code [0x00007f29fd9d0960, 0x00007f29fd9d0a50]
Event: 8.338 Thread 0x00007f2a0c0b1000 4027       3       com.google.common.collect.ImmutableSet::copyOf (60 bytes)
Event: 8.338 Thread 0x00007f2a0c0b1000 nmethod 4027 0x00007f29fd9d8910 code [0x00007f29fd9d8b00, 0x00007f29fd9d9538]
Event: 8.339 Thread 0x00007f2a0c0b1000 4028   !   3       sun.net.www.protocol.jar.JarFileFactory::getConnection (40 bytes)
Event: 8.340 Thread 0x00007f2a0c0b1000 nmethod 4028 0x00007f29fd9d79d0 code [0x00007f29fd9d7ba0, 0x00007f29fd9d8500]
Event: 8.341 Thread 0x00007f2a0c0b1000 4030       1       sun.reflect.generics.tree.Wildcard::getUpperBounds (5 bytes)
Event: 8.341 Thread 0x00007f2a0c0b1000 nmethod 4030 0x00007f29fd9da810 code [0x00007f29fd9da960, 0x00007f29fd9daa70]

GC Heap History (10 events):
Event: 6.192 GC heap before
{Heap before GC invocations=43 (full 2):
 def new generation   total 10112K, used 9063K [0x00000000f0600000, 0x00000000f10f0000, 0x00000000f5950000)
  eden space 9024K,  99% used [0x00000000f0600000, 0x00000000f0ecfc88, 0x00000000f0ed0000)
  from space 1088K,   3% used [0x00000000f0fe0000, 0x00000000f0fe9fd8, 0x00000000f10f0000)
  to   space 1088K,   0% used [0x00000000f0ed0000, 0x00000000f0ed0000, 0x00000000f0fe0000)
 tenured generation   total 22360K, used 17575K [0x00000000f5950000, 0x00000000f6f26000, 0x0000000100000000)
   the space 22360K,  78% used [0x00000000f5950000, 0x00000000f6a79e80, 0x00000000f6a7a000, 0x00000000f6f26000)
 Metaspace       used 20644K, capacity 21140K, committed 21376K, reserved 1069056K
  class space    used 2506K, capacity 2660K, committed 2688K, reserved 1048576K
Event: 6.193 GC heap after
Heap after GC invocations=44 (full 2):
 def new generation   total 10112K, used 339K [0x00000000f0600000, 0x00000000f10f0000, 0x00000000f5950000)
  eden space 9024K,   0% used [0x00000000f0600000, 0x00000000f0600000, 0x00000000f0ed0000)
  from space 1088K,  31% used [0x00000000f0ed0000, 0x00000000f0f24cc0, 0x00000000f0fe0000)
  to   space 1088K,   0% used [0x00000000f0fe0000, 0x00000000f0fe0000, 0x00000000f10f0000)
 tenured generation   total 22360K, used 17575K [0x00000000f5950000, 0x00000000f6f26000, 0x0000000100000000)
   the space 22360K,  78% used [0x00000000f5950000, 0x00000000f6a79e80, 0x00000000f6a7a000, 0x00000000f6f26000)
 Metaspace       used 20644K, capacity 21140K, committed 21376K, reserved 1069056K
  class space    used 2506K, capacity 2660K, committed 2688K, reserved 1048576K
}
Event: 6.505 GC heap before
{Heap before GC invocations=44 (full 2):
 def new generation   total 10112K, used 9363K [0x00000000f0600000, 0x00000000f10f0000, 0x00000000f5950000)
  eden space 9024K, 100% used [0x00000000f0600000, 0x00000000f0ed0000, 0x00000000f0ed0000)
  from space 1088K,  31% used [0x00000000f0ed0000, 0x00000000f0f24cc0, 0x00000000f0fe0000)
  to   space 1088K,   0% used [0x00000000f0fe0000, 0x00000000f0fe0000, 0x00000000f10f0000)
 tenured generation   total 22360K, used 17575K [0x00000000f5950000, 0x00000000f6f26000, 0x0000000100000000)
   the space 22360K,  78% used [0x00000000f5950000, 0x00000000f6a79e80, 0x00000000f6a7a000, 0x00000000f6f26000)
 Metaspace       used 21071K, capacity 21556K, committed 21760K, reserved 1069056K
  class space    used 2542K, capacity 2692K, committed 2816K, reserved 1048576K
Event: 6.520 GC heap after
Heap after GC invocations=45 (full 2):
 def new generation   total 10112K, used 1088K [0x00000000f0600000, 0x00000000f10f0000, 0x00000000f5950000)
  eden space 9024K,   0% used [0x00000000f0600000, 0x00000000f0600000, 0x00000000f0ed0000)
  from space 1088K, 100% used [0x00000000f0fe0000, 0x00000000f10f0000, 0x00000000f10f0000)
  to   space 1088K,   0% used [0x00000000f0ed0000, 0x00000000f0ed0000, 0x00000000f0fe0000)
 tenured generation   total 22360K, used 21063K [0x00000000f5950000, 0x00000000f6f26000, 0x0000000100000000)
   the space 22360K,  94% used [0x00000000f5950000, 0x00000000f6de1da8, 0x00000000f6de1e00, 0x00000000f6f26000)
 Metaspace       used 21071K, capacity 21556K, committed 21760K, reserved 1069056K
  class space    used 2542K, capacity 2692K, committed 2816K, reserved 1048576K
}
Event: 6.637 GC heap before
{Heap before GC invocations=45 (full 2):
 def new generation   total 10112K, used 10112K [0x00000000f0600000, 0x00000000f10f0000, 0x00000000f5950000)
  eden space 9024K, 100% used [0x00000000f0600000, 0x00000000f0ed0000, 0x00000000f0ed0000)
  from space 1088K, 100% used [0x00000000f0fe0000, 0x00000000f10f0000, 0x00000000f10f0000)
  to   space 1088K,   0% used [0x00000000f0ed0000, 0x00000000f0ed0000, 0x00000000f0fe0000)
 tenured generation   total 22360K, used 21063K [0x00000000f5950000, 0x00000000f6f26000, 0x0000000100000000)
   the space 22360K,  94% used [0x00000000f5950000, 0x00000000f6de1da8, 0x00000000f6de1e00, 0x00000000f6f26000)
 Metaspace       used 21093K, capacity 21620K, committed 21760K, reserved 1069056K
  class space    used 2545K, capacity 2692K, committed 2816K, reserved 1048576K
Event: 6.827 GC heap after
Heap after GC invocations=46 (full 3):
 def new generation   total 19136K, used 629K [0x00000000f0600000, 0x00000000f1ac0000, 0x00000000f5950000)
  eden space 17024K,   3% used [0x00000000f0600000, 0x00000000f069d548, 0x00000000f16a0000)
  from space 2112K,   0% used [0x00000000f16a0000, 0x00000000f16a0000, 0x00000000f18b0000)
  to   space 2112K,   0% used [0x00000000f18b0000, 0x00000000f18b0000, 0x00000000f1ac0000)
 tenured generation   total 42388K, used 25432K [0x00000000f5950000, 0x00000000f82b5000, 0x0000000100000000)
   the space 42388K,  59% used [0x00000000f5950000, 0x00000000f7226000, 0x00000000f7226000, 0x00000000f82b5000)
 Metaspace       used 21093K, capacity 21620K, committed 21760K, reserved 1069056K
  class space    used 2545K, capacity 2692K, committed 2816K, reserved 1048576K
}
Event: 7.221 GC heap before
{Heap before GC invocations=46 (full 3):
 def new generation   total 19136K, used 17024K [0x00000000f0600000, 0x00000000f1ac0000, 0x00000000f5950000)
  eden space 17024K, 100% used [0x00000000f0600000, 0x00000000f16a0000, 0x00000000f16a0000)
  from space 2112K,   0% used [0x00000000f16a0000, 0x00000000f16a0000, 0x00000000f18b0000)
  to   space 2112K,   0% used [0x00000000f18b0000, 0x00000000f18b0000, 0x00000000f1ac0000)
 tenured generation   total 42388K, used 25432K [0x00000000f5950000, 0x00000000f82b5000, 0x0000000100000000)
   the space 42388K,  59% used [0x00000000f5950000, 0x00000000f7226000, 0x00000000f7226000, 0x00000000f82b5000)
 Metaspace       used 21776K, capacity 22310K, committed 22528K, reserved 1069056K
  class space    used 2592K, capacity 2726K, committed 2816K, reserved 1048576K
Event: 7.275 GC heap after
Heap after GC invocations=47 (full 3):
 def new generation   total 19136K, used 2112K [0x00000000f0600000, 0x00000000f1ac0000, 0x00000000f5950000)
  eden space 17024K,   0% used [0x00000000f0600000, 0x00000000f0600000, 0x00000000f16a0000)
  from space 2112K, 100% used [0x00000000f18b0000, 0x00000000f1ac0000, 0x00000000f1ac0000)
  to   space 2112K,   0% used [0x00000000f16a0000, 0x00000000f16a0000, 0x00000000f18b0000)
 tenured generation   total 42388K, used 26297K [0x00000000f5950000, 0x00000000f82b5000, 0x0000000100000000)
   the space 42388K,  62% used [0x00000000f5950000, 0x00000000f72fe748, 0x00000000f72fe800, 0x00000000f82b5000)
 Metaspace       used 21776K, capacity 22310K, committed 22528K, reserved 1069056K
  class space    used 2592K, capacity 2726K, committed 2816K, reserved 1048576K
}
Event: 7.940 GC heap before
{Heap before GC invocations=47 (full 3):
 def new generation   total 19136K, used 19136K [0x00000000f0600000, 0x00000000f1ac0000, 0x00000000f5950000)
  eden space 17024K, 100% used [0x00000000f0600000, 0x00000000f16a0000, 0x00000000f16a0000)
  from space 2112K, 100% used [0x00000000f18b0000, 0x00000000f1ac0000, 0x00000000f1ac0000)
  to   space 2112K,   0% used [0x00000000f16a0000, 0x00000000f16a0000, 0x00000000f18b0000)
 tenured generation   total 42388K, used 26297K [0x00000000f5950000, 0x00000000f82b5000, 0x0000000100000000)
   the space 42388K,  62% used [0x00000000f5950000, 0x00000000f72fe748, 0x00000000f72fe800, 0x00000000f82b5000)
 Metaspace       used 22636K, capacity 23142K, committed 23424K, reserved 1069056K
  class space    used 2693K, capacity 2854K, committed 2944K, reserved 1048576K
Event: 7.957 GC heap after
Heap after GC invocations=48 (full 3):
 def new generation   total 19136K, used 2112K [0x00000000f0600000, 0x00000000f1ac0000, 0x00000000f5950000)
  eden space 17024K,   0% used [0x00000000f0600000, 0x00000000f0600000, 0x00000000f16a0000)
  from space 2112K, 100% used [0x00000000f16a0000, 0x00000000f18b0000, 0x00000000f18b0000)
  to   space 2112K,   0% used [0x00000000f18b0000, 0x00000000f18b0000, 0x00000000f1ac0000)
 tenured generation   total 42388K, used 29099K [0x00000000f5950000, 0x00000000f82b5000, 0x0000000100000000)
   the space 42388K,  68% used [0x00000000f5950000, 0x00000000f75bae68, 0x00000000f75bb000, 0x00000000f82b5000)
 Metaspace       used 22636K, capacity 23142K, committed 23424K, reserved 1069056K
  class space    used 2693K, capacity 2854K, committed 2944K, reserved 1048576K
}

Deoptimization events (10 events):
Event: 4.903 Thread 0x00007f2a0c00a000 Uncommon trap: reason=unstable_if action=reinterpret pc=0x00007f29fd5f2360 method=org.eclipse.sisu.plexus.RealmFilteredBeans$FilteredItr.hasNext()Z @ 44
Event: 4.945 Thread 0x00007f2a0c00a000 Uncommon trap: reason=class_check action=maybe_recompile pc=0x00007f29fd3a8984 method=java.lang.reflect.Executable.getAnnotation(Ljava/lang/Class;)Ljava/lang/annotation/Annotation; @ 19
Event: 4.972 Thread 0x00007f2a0c00a000 Uncommon trap: reason=bimorphic action=maybe_recompile pc=0x00007f29fd535ea8 method=java.util.regex.Pattern$CharProperty.match(Ljava/util/regex/Matcher;ILjava/lang/CharSequence;)Z @ 37
Event: 5.458 Thread 0x00007f2a0c00a000 Uncommon trap: reason=bimorphic action=maybe_recompile pc=0x00007f29fd535ea8 method=java.util.regex.Pattern$CharProperty.match(Ljava/util/regex/Matcher;ILjava/lang/CharSequence;)Z @ 37
Event: 6.217 Thread 0x00007f2a0c00a000 Uncommon trap: reason=unstable_if action=reinterpret pc=0x00007f29fd1fc0ec method=sun.misc.URLClassPath$JarLoader.getResource(Ljava/lang/String;Z)Lsun/misc/Resource; @ 62
Event: 7.544 Thread 0x00007f2a0c00a000 Uncommon trap: reason=bimorphic action=maybe_recompile pc=0x00007f29fd535ea8 method=java.util.regex.Pattern$CharProperty.match(Ljava/util/regex/Matcher;ILjava/lang/CharSequence;)Z @ 37
Event: 8.219 Thread 0x00007f2a0c00a000 Uncommon trap: reason=speculate_class_check action=maybe_recompile pc=0x00007f29fd77b10c method=java.nio.charset.CharsetDecoder.decode(Ljava/nio/ByteBuffer;Ljava/nio/CharBuffer;Z)Ljava/nio/charset/CoderResult; @ 57
Event: 8.220 Thread 0x00007f2a0c00a000 Uncommon trap: reason=speculate_class_check action=maybe_recompile pc=0x00007f29fd77b10c method=java.nio.charset.CharsetDecoder.decode(Ljava/nio/ByteBuffer;Ljava/nio/CharBuffer;Z)Ljava/nio/charset/CoderResult; @ 57
Event: 8.220 Thread 0x00007f2a0c00a000 Uncommon trap: reason=speculate_class_check action=maybe_recompile pc=0x00007f29fd77b10c method=java.nio.charset.CharsetDecoder.decode(Ljava/nio/ByteBuffer;Ljava/nio/CharBuffer;Z)Ljava/nio/charset/CoderResult; @ 57
Event: 8.220 Thread 0x00007f2a0c00a000 Uncommon trap: reason=speculate_class_check action=maybe_recompile pc=0x00007f29fd77b10c method=java.nio.charset.CharsetDecoder.decode(Ljava/nio/ByteBuffer;Ljava/nio/CharBuffer;Z)Ljava/nio/charset/CoderResult; @ 57

Internal exceptions (10 events):
Event: 2.596 Thread 0x00007f2a0c00a000 Exception <a 'java/lang/NullPointerException'> (0x00000000f06b9c00) thrown at [/HUDSON3/workspace/8-2-build-linux-amd64/jdk8u111/7883/hotspot/src/share/vm/interpreter/linkResolver.cpp, line 1178]
Event: 2.597 Thread 0x00007f2a0c00a000 Exception <a 'java/lang/NullPointerException'> (0x00000000f06cdc40) thrown at [/HUDSON3/workspace/8-2-build-linux-amd64/jdk8u111/7883/hotspot/src/share/vm/interpreter/linkResolver.cpp, line 1178]
Event: 2.597 Thread 0x00007f2a0c00a000 Exception <a 'java/lang/NullPointerException'> (0x00000000f06cde58) thrown at [/HUDSON3/workspace/8-2-build-linux-amd64/jdk8u111/7883/hotspot/src/share/vm/interpreter/linkResolver.cpp, line 1178]
Event: 2.597 Thread 0x00007f2a0c00a000 Exception <a 'java/lang/NullPointerException'> (0x00000000f06ce070) thrown at [/HUDSON3/workspace/8-2-build-linux-amd64/jdk8u111/7883/hotspot/src/share/vm/interpreter/linkResolver.cpp, line 1178]
Event: 3.358 Thread 0x00007f2a0c00a000 Implicit null exception at 0x00007f29fd374ab5 to 0x00007f29fd374c99
Event: 3.358 Thread 0x00007f2a0c00a000 Implicit null exception at 0x00007f29fd30252f to 0x00007f29fd302599
Event: 3.655 Thread 0x00007f2a0c00a000 Implicit null exception at 0x00007f29fd68f1d5 to 0x00007f29fd68fab5
Event: 5.547 Thread 0x00007f2a0c00a000 Exception <a 'java/lang/ClassNotFoundException': com/sun/tools/javac/api/JavacTool> (0x00000000f07fde90) thrown at [/HUDSON3/workspace/8-2-build-linux-amd64/jdk8u111/7883/hotspot/src/share/vm/classfile/systemDictionary.cpp, line 210]
Event: 6.488 Thread 0x00007f2a0c00a000 Exception <a 'java/io/FileNotFoundException'> (0x00000000f0d5e230) thrown at [/HUDSON3/workspace/8-2-build-linux-amd64/jdk8u111/7883/hotspot/src/share/vm/prims/jni.cpp, line 709]
Event: 6.498 Thread 0x00007f2a0c00a000 Exception <a 'java/io/FileNotFoundException'> (0x00000000f0d92c48) thrown at [/HUDSON3/workspace/8-2-build-linux-amd64/jdk8u111/7883/hotspot/src/share/vm/prims/jni.cpp, line 709]

Events (10 events):
Event: 8.366 loading class org/apache/maven/plugin/logging/Log
Event: 8.366 loading class org/apache/maven/plugin/logging/Log done
Event: 8.366 loading class org/apache/maven/surefire/util/DefaultScanResult
Event: 8.366 loading class org/apache/maven/surefire/util/DefaultScanResult done
Event: 8.366 loading class org/apache/maven/surefire/util/DefaultScanResult
Event: 8.366 loading class org/apache/maven/surefire/util/DefaultScanResult done
Event: 8.366 loading class org/apache/maven/surefire/util/ScanResult
Event: 8.366 loading class org/apache/maven/surefire/util/ScanResult done
Event: 8.366 loading class org/apache/maven/surefire/util/ScanResult
Event: 8.366 loading class org/apache/maven/surefire/util/ScanResult done


Dynamic libraries:
00400000-00401000 r-xp 00000000 ca:01 48239                              /usr/lib/jvm/java-8-oracle/bin/java
00600000-00601000 rw-p 00000000 ca:01 48239                              /usr/lib/jvm/java-8-oracle/bin/java
01bae000-01bcf000 rw-p 00000000 00:00 0                                  [heap]
f0600000-f1ac0000 rw-p 00000000 00:00 0 
f1ac0000-f5950000 ---p 00000000 00:00 0 
f5950000-f82b5000 rw-p 00000000 00:00 0 
f82b5000-100000000 ---p 00000000 00:00 0 
100000000-1002e0000 rw-p 00000000 00:00 0 
1002e0000-140000000 ---p 00000000 00:00 0 
7f29df3d8000-7f29df418000 rw-p 00000000 00:00 0 
7f29df458000-7f29df5d8000 ---p 00000000 00:00 0 
7f29df5d8000-7f29df7d8000 rw-p 00000000 00:00 0 
7f29df7d8000-7f29df9d8000 rw-p 00000000 00:00 0 
7f29df9d8000-7f29dfbd8000 rw-p 00000000 00:00 0 
7f29dfbd8000-7f29dfbe9000 r-xp 00000000 ca:01 48004                      /usr/lib/jvm/java-8-oracle/jre/lib/amd64/libnio.so
7f29dfbe9000-7f29dfde8000 ---p 00011000 ca:01 48004                      /usr/lib/jvm/java-8-oracle/jre/lib/amd64/libnio.so
7f29dfde8000-7f29dfde9000 rw-p 00010000 ca:01 48004                      /usr/lib/jvm/java-8-oracle/jre/lib/amd64/libnio.so
7f29dfde9000-7f29dfdff000 r-xp 00000000 ca:01 47993                      /usr/lib/jvm/java-8-oracle/jre/lib/amd64/libnet.so
7f29dfdff000-7f29dffff000 ---p 00016000 ca:01 47993                      /usr/lib/jvm/java-8-oracle/jre/lib/amd64/libnet.so
7f29dffff000-7f29e0000000 rw-p 00016000 ca:01 47993                      /usr/lib/jvm/java-8-oracle/jre/lib/amd64/libnet.so
7f29e0000000-7f29e0d33000 rw-p 00000000 00:00 0 
7f29e0d33000-7f29e4000000 ---p 00000000 00:00 0 
7f29e4000000-7f29e4021000 rw-p 00000000 00:00 0 
7f29e4021000-7f29e8000000 ---p 00000000 00:00 0 
7f29e8000000-7f29e8021000 rw-p 00000000 00:00 0 
7f29e8021000-7f29ec000000 ---p 00000000 00:00 0 
7f29ec000000-7f29ed48a000 rw-p 00000000 00:00 0 
7f29ed48a000-7f29f0000000 ---p 00000000 00:00 0 
7f29f0000000-7f29f0021000 rw-p 00000000 00:00 0 
7f29f0021000-7f29f4000000 ---p 00000000 00:00 0 
7f29f4000000-7f29f4021000 rw-p 00000000 00:00 0 
7f29f4021000-7f29f8000000 ---p 00000000 00:00 0 
7f29f8000000-7f29f8325000 rw-p 00000000 00:00 0 
7f29f8325000-7f29fc000000 ---p 00000000 00:00 0 
7f29fc07f000-7f29fc080000 rw-p 00000000 00:00 0 
7f29fc080000-7f29fc082000 r--s 00002000 ca:01 164817                     /var/lib/jenkins/.m2/repository/org/apache/maven/plugin-tools/maven-plugin-annotations/3.3/maven-plugin-annotations-3.3.jar
7f29fc082000-7f29fc087000 r--s 00020000 ca:01 164814                     /var/lib/jenkins/.m2/repository/org/apache/maven/surefire/surefire-api/2.18.1/surefire-api-2.18.1.jar
7f29fc087000-7f29fc08d000 r--s 00048000 ca:01 164812                     /var/lib/jenkins/.m2/repository/org/apache/commons/commons-lang3/3.1/commons-lang3-3.1.jar
7f29fc08d000-7f29fc08f000 r--s 00002000 ca:01 164810                     /var/lib/jenkins/.m2/repository/org/sonatype/plexus/plexus-cipher/1.4/plexus-cipher-1.4.jar
7f29fc08f000-7f29fc090000 r--s 00006000 ca:01 164808                     /var/lib/jenkins/.m2/repository/org/sonatype/plexus/plexus-sec-dispatcher/1.3/plexus-sec-dispatcher-1.3.jar
7f29fc090000-7f29fc091000 r--s 00002000 ca:01 164799                     /var/lib/jenkins/.m2/repository/org/apache/maven/reporting/maven-reporting-api/3.0/maven-reporting-api-3.0.jar
7f29fc091000-7f29fc093000 r--s 00003000 ca:01 164797                     /var/lib/jenkins/.m2/repository/org/slf4j/jcl-over-slf4j/1.5.6/jcl-over-slf4j-1.5.6.jar
7f29fc093000-7f29fc095000 r--s 00001000 ca:01 164792                     /var/lib/jenkins/.m2/repository/org/slf4j/slf4j-jdk14/1.5.6/slf4j-jdk14-1.5.6.jar
7f29fc095000-7f29fc097000 r--s 0000b000 ca:01 164785                     /var/lib/jenkins/.m2/repository/org/codehaus/plexus/plexus-interpolation/1.11/plexus-interpolation-1.11.jar
7f29fc097000-7f29fc09f000 r--s 00049000 ca:01 164780                     /var/lib/jenkins/.m2/repository/backport-util-concurrent/backport-util-concurrent/3.1/backport-util-concurrent-3.1.jar
7f29fc09f000-7f29fc0a3000 r--s 00034000 ca:01 164768                     /var/lib/jenkins/.m2/repository/org/codehaus/plexus/plexus-utils/1.5.15/plexus-utils-1.5.15.jar
7f29fc0a3000-7f29fc0a5000 r--s 00008000 ca:01 164764                     /var/lib/jenkins/.m2/repository/org/apache/maven/surefire/surefire-booter/2.18.1/surefire-booter-2.18.1.jar
7f29fc0a5000-7f29fc0ab000 r--s 0003e000 ca:01 164762                     /var/lib/jenkins/.m2/repository/org/apache/maven/surefire/maven-surefire-common/2.18.1/maven-surefire-common-2.18.1.jar
7f29fc0ab000-7f29fc0ad000 r--s 00008000 ca:01 162900                     /var/lib/jenkins/.m2/repository/org/apache/maven/plugins/maven-surefire-plugin/2.18.1/maven-surefire-plugin-2.18.1.jar
7f29fc0ad000-7f29fc125000 r--s 010e6000 ca:01 47264                      /usr/lib/jvm/java-8-oracle/lib/tools.jar
7f29fc125000-7f29fc128000 r--s 0001b000 ca:01 164400                     /var/lib/jenkins/.m2/repository/junit/junit/3.8.2/junit-3.8.2.jar
7f29fc128000-7f29fc136000 r--s 0008f000 ca:01 164398                     /var/lib/jenkins/.m2/repository/com/google/collections/google-collections/1.0/google-collections-1.0.jar
7f29fc136000-7f29fc137000 r--s 0000a000 ca:01 164394                     /var/lib/jenkins/.m2/repository/commons-logging/commons-logging-api/1.1/commons-logging-api-1.1.jar
7f29fc137000-7f29fc13e000 r--s 00051000 ca:01 164392                     /var/lib/jenkins/.m2/repository/log4j/log4j/1.2.12/log4j-1.2.12.jar
7f29fc13e000-7f29fc142000 r--s 0001d000 ca:01 164391                     /var/lib/jenkins/.m2/repository/org/apache/xbean/xbean-reflect/3.4/xbean-reflect-3.4.jar
7f29fc142000-7f29fc143000 r--s 00004000 ca:01 164386                     /var/lib/jenkins/.m2/repository/org/codehaus/plexus/plexus-compiler-javac/2.2/plexus-compiler-javac-2.2.jar
7f29fc143000-7f29fc145000 r--s 00000000 ca:01 164384                     /var/lib/jenkins/.m2/repository/org/codehaus/plexus/plexus-compiler-manager/2.2/plexus-compiler-manager-2.2.jar
7f29fc145000-7f29fc147000 r--s 00005000 ca:01 164381                     /var/lib/jenkins/.m2/repository/org/codehaus/plexus/plexus-compiler-api/2.2/plexus-compiler-api-2.2.jar
7f29fc147000-7f29fc149000 r--s 00000000 ca:01 164378                     /var/lib/jenkins/.m2/repository/org/codehaus/plexus/plexus-component-annotations/1.5.5/plexus-component-annotations-1.5.5.jar
7f29fc149000-7f29fc14b000 r--s 00002000 ca:01 164377                     /var/lib/jenkins/.m2/repository/org/apache/maven/shared/maven-shared-incremental/1.1/maven-shared-incremental-1.1.jar
7f29fc14b000-7f29fc14e000 r--s 00023000 ca:01 164376                     /var/lib/jenkins/.m2/repository/org/apache/maven/shared/maven-shared-utils/0.1/maven-shared-utils-0.1.jar
7f29fc14e000-7f29fc152000 r--s 00030000 ca:01 164346                     /var/lib/jenkins/.m2/repository/org/codehaus/plexus/plexus-utils/1.5.1/plexus-utils-1.5.1.jar
7f29fc152000-7f29fc154000 r--s 00009000 ca:01 162879                     /var/lib/jenkins/.m2/repository/org/apache/maven/plugins/maven-compiler-plugin/3.1/maven-compiler-plugin-3.1.jar
7f29fc154000-7f29fc156000 r--s 0000d000 ca:01 164031                     /var/lib/jenkins/.m2/repository/org/codehaus/plexus/plexus-interpolation/1.13/plexus-interpolation-1.13.jar
7f29fc156000-7f29fc157000 r--s 00001000 ca:01 163995                     /var/lib/jenkins/.m2/repository/org/sonatype/plexus/plexus-build-api/0.0.4/plexus-build-api-0.0.4.jar
7f29fc157000-7f29fc159000 r--s 00009000 ca:01 164026                     /var/lib/jenkins/.m2/repository/org/apache/maven/shared/maven-filtering/1.1/maven-filtering-1.1.jar
7f29fc159000-7f29fc15d000 r--s 00033000 ca:01 164024                     /var/lib/jenkins/.m2/repository/org/codehaus/plexus/plexus-utils/2.0.5/plexus-utils-2.0.5.jar
7f29fc15d000-7f29fc160000 r--s 0001b000 ca:01 164023                     /var/lib/jenkins/.m2/repository/junit/junit/3.8.1/junit-3.8.1.jar
7f29fc160000-7f29fc162000 r--s 00002000 ca:01 164007                     /var/lib/jenkins/.m2/repository/org/codehaus/plexus/plexus-interactivity-api/1.0-alpha-4/plexus-interactivity-api-1.0-alpha-4.jar
7f29fc162000-7f29fc164000 r--s 00006000 ca:01 164005                     /var/lib/jenkins/.m2/repository/commons-cli/commons-cli/1.0/commons-cli-1.0.jar
7f29fc164000-7f29fc165000 r--s 00001000 ca:01 163997                     /var/lib/jenkins/.m2/repository/org/apache/maven/doxia/doxia-sink-api/1.0-alpha-7/doxia-sink-api-1.0-alpha-7.jar
7f29fc165000-7f29fc167000 r--s 00006000 ca:01 162844                     /var/lib/jenkins/.m2/repository/org/apache/maven/plugins/maven-resources-plugin/2.6/maven-resources-plugin-2.6.jar
7f29fc167000-7f29fc16a000 r--s 00027000 ca:01 163698                     /var/lib/jenkins/.m2/repository/org/codehaus/plexus/plexus-utils/1.1/plexus-utils-1.1.jar
7f29fc16a000-7f29fc16c000 r--s 00006000 ca:01 163692                     /var/lib/jenkins/.m2/repository/com/google/code/findbugs/jsr305/2.0.1/jsr305-2.0.1.jar
7f29fc16c000-7f29fc170000 r--s 00026000 ca:01 163690                     /var/lib/jenkins/.m2/repository/org/apache/maven/shared/maven-shared-utils/0.7/maven-shared-utils-0.7.jar
7f29fc170000-7f29fc370000 rw-p 00000000 00:00 0 
7f29fc370000-7f29fc570000 rw-p 00000000 00:00 0 
7f29fc570000-7f29fc770000 rw-p 00000000 00:00 0 
7f29fc770000-7f29fc771000 ---p 00000000 00:00 0 
7f29fc771000-7f29fc871000 rw-p 00000000 00:00 0                          [stack:14365]
7f29fc871000-7f29fc874000 ---p 00000000 00:00 0 
7f29fc874000-7f29fc972000 rw-p 00000000 00:00 0                          [stack:14364]
7f29fc972000-7f29fc975000 ---p 00000000 00:00 0 
7f29fc975000-7f29fca73000 rw-p 00000000 00:00 0                          [stack:14363]
7f29fca73000-7f29fca76000 ---p 00000000 00:00 0 
7f29fca76000-7f29fcb74000 rw-p 00000000 00:00 0                          [stack:14362]
7f29fcb74000-7f29fcb77000 ---p 00000000 00:00 0 
7f29fcb77000-7f29fcc75000 rw-p 00000000 00:00 0                          [stack:14361]
7f29fcc75000-7f29fcdfe000 r--p 00000000 ca:01 1576                       /usr/lib/locale/locale-archive
7f29fcdfe000-7f29fce01000 ---p 00000000 00:00 0 
7f29fce01000-7f29fceff000 rw-p 00000000 00:00 0                          [stack:14360]
7f29fceff000-7f29fcf02000 ---p 00000000 00:00 0 
7f29fcf02000-7f29fd000000 rw-p 00000000 00:00 0                          [stack:14359]
7f29fd000000-7f29fd9e0000 rwxp 00000000 00:00 0 
7f29fd9f0000-7f2a0c000000 ---p 00000000 00:00 0 
7f2a0c000000-7f2a0cef9000 rw-p 00000000 00:00 0 
7f2a0cef9000-7f2a10000000 ---p 00000000 00:00 0 
7f2a10000000-7f2a10001000 r--s 00002000 ca:01 163996                     /var/lib/jenkins/.m2/repository/org/apache/maven/reporting/maven-reporting-api/2.0.6/maven-reporting-api-2.0.6.jar
7f2a10001000-7f2a10003000 r--s 00006000 ca:01 162825                     /var/lib/jenkins/.m2/repository/org/apache/maven/plugins/maven-clean-plugin/2.6.1/maven-clean-plugin-2.6.1.jar
7f2a10003000-7f2a10009000 r--s 00041000 ca:01 162679                     /var/lib/jenkins/.m2/wrapper/dists/apache-maven-3.3.9-bin/2609u9g41na2l7ogackmif6fj2/apache-maven-3.3.9/lib/maven-compat-3.3.9.jar
7f2a10009000-7f2a1000c000 r--s 0000b000 ca:01 162680                     /var/lib/jenkins/.m2/wrapper/dists/apache-maven-3.3.9-bin/2609u9g41na2l7ogackmif6fj2/apache-maven-3.3.9/lib/wagon-provider-api-2.10.jar
7f2a1000c000-7f2a1000d000 r--s 0000a000 ca:01 162651                     /var/lib/jenkins/.m2/wrapper/dists/apache-maven-3.3.9-bin/2609u9g41na2l7ogackmif6fj2/apache-maven-3.3.9/lib/maven-settings-3.3.9.jar
7f2a1000d000-7f2a1000e000 r--s 00003000 ca:01 162657                     /var/lib/jenkins/.m2/wrapper/dists/apache-maven-3.3.9-bin/2609u9g41na2l7ogackmif6fj2/apache-maven-3.3.9/lib/maven-builder-support-3.3.9.jar
7f2a1000e000-7f2a10039000 r--s 001fc000 ca:01 162671                     /var/lib/jenkins/.m2/wrapper/dists/apache-maven-3.3.9-bin/2609u9g41na2l7ogackmif6fj2/apache-maven-3.3.9/lib/guava-18.0.jar
7f2a10039000-7f2a1003b000 r--s 00000000 ca:01 162678                     /var/lib/jenkins/.m2/wrapper/dists/apache-maven-3.3.9-bin/2609u9g41na2l7ogackmif6fj2/apache-maven-3.3.9/lib/aopalliance-1.0.jar
7f2a1003b000-7f2a1003e000 r--s 00013000 ca:01 162650                     /var/lib/jenkins/.m2/wrapper/dists/apache-maven-3.3.9-bin/2609u9g41na2l7ogackmif6fj2/apache-maven-3.3.9/lib/maven-embedder-3.3.9.jar
7f2a1003e000-7f2a1004b000 r--s 0008f000 ca:01 162653                     /var/lib/jenkins/.m2/wrapper/dists/apache-maven-3.3.9-bin/2609u9g41na2l7ogackmif6fj2/apache-maven-3.3.9/lib/maven-core-3.3.9.jar
7f2a1004b000-7f2a10052000 r--s 00064000 ca:01 162655                     /var/lib/jenkins/.m2/wrapper/dists/apache-maven-3.3.9-bin/2609u9g41na2l7ogackmif6fj2/apache-maven-3.3.9/lib/commons-lang3-3.4.jar
7f2a10052000-7f2a10054000 r--s 0000f000 ca:01 162672                     /var/lib/jenkins/.m2/wrapper/dists/apache-maven-3.3.9-bin/2609u9g41na2l7ogackmif6fj2/apache-maven-3.3.9/lib/maven-aether-provider-3.3.9.jar
7f2a10054000-7f2a10055000 r--s 00002000 ca:01 162684                     /var/lib/jenkins/.m2/wrapper/dists/apache-maven-3.3.9-bin/2609u9g41na2l7ogackmif6fj2/apache-maven-3.3.9/lib/wagon-http-shared-2.10.jar
7f2a10055000-7f2a1005b000 r--s 0002d000 ca:01 162665                     /var/lib/jenkins/.m2/wrapper/dists/apache-maven-3.3.9-bin/2609u9g41na2l7ogackmif6fj2/apache-maven-3.3.9/lib/org.eclipse.sisu.plexus-0.3.2.jar
7f2a1005b000-7f2a10061000 r--s 00042000 ca:01 162685                     /var/lib/jenkins/.m2/wrapper/dists/apache-maven-3.3.9-bin/2609u9g41na2l7ogackmif6fj2/apache-maven-3.3.9/lib/jsoup-1.7.2.jar
7f2a10061000-7f2a10063000 r--s 00006000 ca:01 162674                     /var/lib/jenkins/.m2/wrapper/dists/apache-maven-3.3.9-bin/2609u9g41na2l7ogackmif6fj2/apache-maven-3.3.9/lib/aether-spi-1.0.2.v20150114.jar
7f2a10063000-7f2a10068000 r--s 00041000 ca:01 162686                     /var/lib/jenkins/.m2/wrapper/dists/apache-maven-3.3.9-bin/2609u9g41na2l7ogackmif6fj2/apache-maven-3.3.9/lib/commons-lang-2.6.jar
7f2a10068000-7f2a1006a000 r--s 00009000 ca:01 162682                     /var/lib/jenkins/.m2/wrapper/dists/apache-maven-3.3.9-bin/2609u9g41na2l7ogackmif6fj2/apache-maven-3.3.9/lib/commons-cli-1.2.jar
7f2a1006a000-7f2a1006c000 r--s 00000000 ca:01 162659                     /var/lib/jenkins/.m2/wrapper/dists/apache-maven-3.3.9-bin/2609u9g41na2l7ogackmif6fj2/apache-maven-3.3.9/lib/plexus-component-annotations-1.6.jar
7f2a1006c000-7f2a1006e000 r--s 0000c000 ca:01 162663                     /var/lib/jenkins/.m2/wrapper/dists/apache-maven-3.3.9-bin/2609u9g41na2l7ogackmif6fj2/apache-maven-3.3.9/lib/maven-artifact-3.3.9.jar
7f2a1006e000-7f2a10076000 r--s 00055000 ca:01 162669                     /var/lib/jenkins/.m2/wrapper/dists/apache-maven-3.3.9-bin/2609u9g41na2l7ogackmif6fj2/apache-maven-3.3.9/lib/org.eclipse.sisu.inject-0.3.2.jar
7f2a10076000-7f2a10079000 r--s 00026000 ca:01 162654                     /var/lib/jenkins/.m2/wrapper/dists/apache-maven-3.3.9-bin/2609u9g41na2l7ogackmif6fj2/apache-maven-3.3.9/lib/maven-model-3.3.9.jar
7f2a10079000-7f2a1007a000 r--s 00006000 ca:01 162662                     /var/lib/jenkins/.m2/wrapper/dists/apache-maven-3.3.9-bin/2609u9g41na2l7ogackmif6fj2/apache-maven-3.3.9/lib/maven-repository-metadata-3.3.9.jar
7f2a1007a000-7f2a1007b000 r--s 00008000 ca:01 162689                     /var/lib/jenkins/.m2/wrapper/dists/apache-maven-3.3.9-bin/2609u9g41na2l7ogackmif6fj2/apache-maven-3.3.9/lib/aether-connector-basic-1.0.2.v20150114.jar
7f2a1007b000-7f2a1007f000 r--s 00027000 ca:01 162676                     /var/lib/jenkins/.m2/wrapper/dists/apache-maven-3.3.9-bin/2609u9g41na2l7ogackmif6fj2/apache-maven-3.3.9/lib/aether-impl-1.0.2.v20150114.jar
7f2a1007f000-7f2a10081000 r--s 0000a000 ca:01 162664                     /var/lib/jenkins/.m2/wrapper/dists/apache-maven-3.3.9-bin/2609u9g41na2l7ogackmif6fj2/apache-maven-3.3.9/lib/maven-plugin-api-3.3.9.jar
7f2a10081000-7f2a10085000 r--s 00020000 ca:01 162675                     /var/lib/jenkins/.m2/wrapper/dists/apache-maven-3.3.9-bin/2609u9g41na2l7ogackmif6fj2/apache-maven-3.3.9/lib/aether-util-1.0.2.v20150114.jar
7f2a10085000-7f2a1008a000 r--s 00027000 ca:01 162670                     /var/lib/jenkins/.m2/wrapper/dists/apache-maven-3.3.9-bin/2609u9g41na2l7ogackmif6fj2/apache-maven-3.3.9/lib/maven-model-builder-3.3.9.jar
7f2a1008a000-7f2a1008b000 r--s 00002000 ca:01 162691                     /var/lib/jenkins/.m2/wrapper/dists/apache-maven-3.3.9-bin/2609u9g41na2l7ogackmif6fj2/apache-maven-3.3.9/lib/slf4j-simple-1.7.5.jar
7f2a1008b000-7f2a10094000 r--s 0005f000 ca:01 162677                     /var/lib/jenkins/.m2/wrapper/dists/apache-maven-3.3.9-bin/2609u9g41na2l7ogackmif6fj2/apache-maven-3.3.9/lib/guice-4.0-no_aop.jar
7f2a10094000-7f2a10096000 r--s 00005000 ca:01 162690                     /var/lib/jenkins/.m2/wrapper/dists/apache-maven-3.3.9-bin/2609u9g41na2l7ogackmif6fj2/apache-maven-3.3.9/lib/aether-transport-wagon-1.0.2.v20150114.jar
7f2a10096000-7f2a10098000 r--s 00002000 ca:01 162661                     /var/lib/jenkins/.m2/wrapper/dists/apache-maven-3.3.9-bin/2609u9g41na2l7ogackmif6fj2/apache-maven-3.3.9/lib/plexus-cipher-1.7.jar
7f2a10098000-7f2a10099000 r--s 00002000 ca:01 162688                     /var/lib/jenkins/.m2/wrapper/dists/apache-maven-3.3.9-bin/2609u9g41na2l7ogackmif6fj2/apache-maven-3.3.9/lib/wagon-file-2.10.jar
7f2a10099000-7f2a1009b000 r--s 00005000 ca:01 162681                     /var/lib/jenkins/.m2/wrapper/dists/apache-maven-3.3.9-bin/2609u9g41na2l7ogackmif6fj2/apache-maven-3.3.9/lib/slf4j-api-1.7.5.jar
7f2a1009b000-7f2a100c9000 r--s 001fa000 ca:01 162683                     /var/lib/jenkins/.m2/wrapper/dists/apache-maven-3.3.9-bin/2609u9g41na2l7ogackmif6fj2/apache-maven-3.3.9/lib/wagon-http-2.10-shaded.jar
7f2a100c9000-7f2a100cd000 r--s 00027000 ca:01 162687                     /var/lib/jenkins/.m2/wrapper/dists/apache-maven-3.3.9-bin/2609u9g41na2l7ogackmif6fj2/apache-maven-3.3.9/lib/commons-io-2.2.jar
7f2a100cd000-7f2a100ce000 ---p 00000000 00:00 0 
7f2a100ce000-7f2a1021d000 rw-p 00000000 00:00 0                          [stack:14358]
7f2a1021d000-7f2a103f5000 r--s 03d2a000 ca:01 47951                      /usr/lib/jvm/java-8-oracle/jre/lib/rt.jar
7f2a103f5000-7f2a10cee000 rw-p 00000000 00:00 0 
7f2a10cee000-7f2a10d16000 rw-p 00000000 00:00 0 
7f2a10d16000-7f2a110ae000 ---p 00000000 00:00 0 
7f2a110ae000-7f2a110c8000 r-xp 00000000 ca:01 47984                      /usr/lib/jvm/java-8-oracle/jre/lib/amd64/libzip.so
7f2a110c8000-7f2a112c8000 ---p 0001a000 ca:01 47984                      /usr/lib/jvm/java-8-oracle/jre/lib/amd64/libzip.so
7f2a112c8000-7f2a112c9000 rw-p 0001a000 ca:01 47984                      /usr/lib/jvm/java-8-oracle/jre/lib/amd64/libzip.so
7f2a112c9000-7f2a112d3000 r-xp 00000000 ca:01 396082                     /lib/x86_64-linux-gnu/libnss_files-2.19.so
7f2a112d3000-7f2a114d2000 ---p 0000a000 ca:01 396082                     /lib/x86_64-linux-gnu/libnss_files-2.19.so
7f2a114d2000-7f2a114d3000 r--p 00009000 ca:01 396082                     /lib/x86_64-linux-gnu/libnss_files-2.19.so
7f2a114d3000-7f2a114d4000 rw-p 0000a000 ca:01 396082                     /lib/x86_64-linux-gnu/libnss_files-2.19.so
7f2a114d4000-7f2a114df000 r-xp 00000000 ca:01 396084                     /lib/x86_64-linux-gnu/libnss_nis-2.19.so
7f2a114df000-7f2a116de000 ---p 0000b000 ca:01 396084                     /lib/x86_64-linux-gnu/libnss_nis-2.19.so
7f2a116de000-7f2a116df000 r--p 0000a000 ca:01 396084                     /lib/x86_64-linux-gnu/libnss_nis-2.19.so
7f2a116df000-7f2a116e0000 rw-p 0000b000 ca:01 396084                     /lib/x86_64-linux-gnu/libnss_nis-2.19.so
7f2a116e0000-7f2a116f7000 r-xp 00000000 ca:01 396079                     /lib/x86_64-linux-gnu/libnsl-2.19.so
7f2a116f7000-7f2a118f6000 ---p 00017000 ca:01 396079                     /lib/x86_64-linux-gnu/libnsl-2.19.so
7f2a118f6000-7f2a118f7000 r--p 00016000 ca:01 396079                     /lib/x86_64-linux-gnu/libnsl-2.19.so
7f2a118f7000-7f2a118f8000 rw-p 00017000 ca:01 396079                     /lib/x86_64-linux-gnu/libnsl-2.19.so
7f2a118f8000-7f2a118fa000 rw-p 00000000 00:00 0 
7f2a118fa000-7f2a11903000 r-xp 00000000 ca:01 396080                     /lib/x86_64-linux-gnu/libnss_compat-2.19.so
7f2a11903000-7f2a11b02000 ---p 00009000 ca:01 396080                     /lib/x86_64-linux-gnu/libnss_compat-2.19.so
7f2a11b02000-7f2a11b03000 r--p 00008000 ca:01 396080                     /lib/x86_64-linux-gnu/libnss_compat-2.19.so
7f2a11b03000-7f2a11b04000 rw-p 00009000 ca:01 396080                     /lib/x86_64-linux-gnu/libnss_compat-2.19.so
7f2a11b04000-7f2a11b2f000 r-xp 00000000 ca:01 48006                      /usr/lib/jvm/java-8-oracle/jre/lib/amd64/libjava.so
7f2a11b2f000-7f2a11d2e000 ---p 0002b000 ca:01 48006                      /usr/lib/jvm/java-8-oracle/jre/lib/amd64/libjava.so
7f2a11d2e000-7f2a11d30000 rw-p 0002a000 ca:01 48006                      /usr/lib/jvm/java-8-oracle/jre/lib/amd64/libjava.so
7f2a11d30000-7f2a11d3d000 r-xp 00000000 ca:01 47978                      /usr/lib/jvm/java-8-oracle/jre/lib/amd64/libverify.so
7f2a11d3d000-7f2a11f3c000 ---p 0000d000 ca:01 47978                      /usr/lib/jvm/java-8-oracle/jre/lib/amd64/libverify.so
7f2a11f3c000-7f2a11f3e000 rw-p 0000c000 ca:01 47978                      /usr/lib/jvm/java-8-oracle/jre/lib/amd64/libverify.so
7f2a11f3e000-7f2a11f45000 r-xp 00000000 ca:01 396104                     /lib/x86_64-linux-gnu/librt-2.19.so
7f2a11f45000-7f2a12144000 ---p 00007000 ca:01 396104                     /lib/x86_64-linux-gnu/librt-2.19.so
7f2a12144000-7f2a12145000 r--p 00006000 ca:01 396104                     /lib/x86_64-linux-gnu/librt-2.19.so
7f2a12145000-7f2a12146000 rw-p 00007000 ca:01 396104                     /lib/x86_64-linux-gnu/librt-2.19.so
7f2a12146000-7f2a1224b000 r-xp 00000000 ca:01 396071                     /lib/x86_64-linux-gnu/libm-2.19.so
7f2a1224b000-7f2a1244a000 ---p 00105000 ca:01 396071                     /lib/x86_64-linux-gnu/libm-2.19.so
7f2a1244a000-7f2a1244b000 r--p 00104000 ca:01 396071                     /lib/x86_64-linux-gnu/libm-2.19.so
7f2a1244b000-7f2a1244c000 rw-p 00105000 ca:01 396071                     /lib/x86_64-linux-gnu/libm-2.19.so
7f2a1244c000-7f2a13119000 r-xp 00000000 ca:01 47961                      /usr/lib/jvm/java-8-oracle/jre/lib/amd64/server/libjvm.so
7f2a13119000-7f2a13318000 ---p 00ccd000 ca:01 47961                      /usr/lib/jvm/java-8-oracle/jre/lib/amd64/server/libjvm.so
7f2a13318000-7f2a133f1000 rw-p 00ccc000 ca:01 47961                      /usr/lib/jvm/java-8-oracle/jre/lib/amd64/server/libjvm.so
7f2a133f1000-7f2a1343c000 rw-p 00000000 00:00 0 
7f2a1343c000-7f2a135f6000 r-xp 00000000 ca:01 396048                     /lib/x86_64-linux-gnu/libc-2.19.so
7f2a135f6000-7f2a137f6000 ---p 001ba000 ca:01 396048                     /lib/x86_64-linux-gnu/libc-2.19.so
7f2a137f6000-7f2a137fa000 r--p 001ba000 ca:01 396048                     /lib/x86_64-linux-gnu/libc-2.19.so
7f2a137fa000-7f2a137fc000 rw-p 001be000 ca:01 396048                     /lib/x86_64-linux-gnu/libc-2.19.so
7f2a137fc000-7f2a13801000 rw-p 00000000 00:00 0 
7f2a13801000-7f2a13804000 r-xp 00000000 ca:01 396057                     /lib/x86_64-linux-gnu/libdl-2.19.so
7f2a13804000-7f2a13a03000 ---p 00003000 ca:01 396057                     /lib/x86_64-linux-gnu/libdl-2.19.so
7f2a13a03000-7f2a13a04000 r--p 00002000 ca:01 396057                     /lib/x86_64-linux-gnu/libdl-2.19.so
7f2a13a04000-7f2a13a05000 rw-p 00003000 ca:01 396057                     /lib/x86_64-linux-gnu/libdl-2.19.so
7f2a13a05000-7f2a13a1a000 r-xp 00000000 ca:01 47255                      /usr/lib/jvm/java-8-oracle/lib/amd64/jli/libjli.so
7f2a13a1a000-7f2a13c1a000 ---p 00015000 ca:01 47255                      /usr/lib/jvm/java-8-oracle/lib/amd64/jli/libjli.so
7f2a13c1a000-7f2a13c1b000 rw-p 00015000 ca:01 47255                      /usr/lib/jvm/java-8-oracle/lib/amd64/jli/libjli.so
7f2a13c1b000-7f2a13c34000 r-xp 00000000 ca:01 396101                     /lib/x86_64-linux-gnu/libpthread-2.19.so
7f2a13c34000-7f2a13e33000 ---p 00019000 ca:01 396101                     /lib/x86_64-linux-gnu/libpthread-2.19.so
7f2a13e33000-7f2a13e34000 r--p 00018000 ca:01 396101                     /lib/x86_64-linux-gnu/libpthread-2.19.so
7f2a13e34000-7f2a13e35000 rw-p 00019000 ca:01 396101                     /lib/x86_64-linux-gnu/libpthread-2.19.so
7f2a13e35000-7f2a13e39000 rw-p 00000000 00:00 0 
7f2a13e39000-7f2a13e5c000 r-xp 00000000 ca:01 396038                     /lib/x86_64-linux-gnu/ld-2.19.so
7f2a13e5c000-7f2a13e5d000 r--s 00001000 ca:01 162667                     /var/lib/jenkins/.m2/wrapper/dists/apache-maven-3.3.9-bin/2609u9g41na2l7ogackmif6fj2/apache-maven-3.3.9/lib/jsr250-api-1.0.jar
7f2a13e5d000-7f2a13e5e000 r--s 00000000 ca:01 162668                     /var/lib/jenkins/.m2/wrapper/dists/apache-maven-3.3.9-bin/2609u9g41na2l7ogackmif6fj2/apache-maven-3.3.9/lib/javax.inject-1.jar
7f2a13e5e000-7f2a13e63000 r--s 0001d000 ca:01 162673                     /var/lib/jenkins/.m2/wrapper/dists/apache-maven-3.3.9-bin/2609u9g41na2l7ogackmif6fj2/apache-maven-3.3.9/lib/aether-api-1.0.2.v20150114.jar
7f2a13e63000-7f2a13e66000 r--s 00008000 ca:01 162666                     /var/lib/jenkins/.m2/wrapper/dists/apache-maven-3.3.9-bin/2609u9g41na2l7ogackmif6fj2/apache-maven-3.3.9/lib/cdi-api-1.0.jar
7f2a13e66000-7f2a13e69000 r--s 0000d000 ca:01 162658                     /var/lib/jenkins/.m2/wrapper/dists/apache-maven-3.3.9-bin/2609u9g41na2l7ogackmif6fj2/apache-maven-3.3.9/lib/plexus-interpolation-1.21.jar
7f2a13e69000-7f2a13e6d000 r--s 00038000 ca:01 162652                     /var/lib/jenkins/.m2/wrapper/dists/apache-maven-3.3.9-bin/2609u9g41na2l7ogackmif6fj2/apache-maven-3.3.9/lib/plexus-utils-3.0.22.jar
7f2a13e6d000-7f2a13e6f000 r--s 00009000 ca:01 162656                     /var/lib/jenkins/.m2/wrapper/dists/apache-maven-3.3.9-bin/2609u9g41na2l7ogackmif6fj2/apache-maven-3.3.9/lib/maven-settings-builder-3.3.9.jar
7f2a13e6f000-7f2a13e70000 r--s 00006000 ca:01 162660                     /var/lib/jenkins/.m2/wrapper/dists/apache-maven-3.3.9-bin/2609u9g41na2l7ogackmif6fj2/apache-maven-3.3.9/lib/plexus-sec-dispatcher-1.3.jar
7f2a13e70000-7f2a13e72000 r--s 0000b000 ca:01 162648                     /var/lib/jenkins/.m2/wrapper/dists/apache-maven-3.3.9-bin/2609u9g41na2l7ogackmif6fj2/apache-maven-3.3.9/boot/plexus-classworlds-2.5.2.jar
7f2a13e72000-7f2a13e76000 r--s 00097000 ca:01 48020                      /usr/lib/jvm/java-8-oracle/jre/lib/jsse.jar
7f2a13e76000-7f2a13e78000 r--s 0000b000 ca:01 162571                     /var/lib/jenkins/workspace/Auth-Service-Build/.mvn/wrapper/maven-wrapper.jar
7f2a13e78000-7f2a13e8d000 rw-p 00000000 00:00 0 
7f2a13e8d000-7f2a13ecc000 ---p 00000000 00:00 0 
7f2a13ecc000-7f2a13ed7000 rw-p 00000000 00:00 0 
7f2a13ed7000-7f2a13ef5000 ---p 00000000 00:00 0 
7f2a13ef5000-7f2a13f0b000 rw-p 00000000 00:00 0 
7f2a13f0b000-7f2a13f49000 ---p 00000000 00:00 0 
7f2a13f49000-7f2a13f4a000 rw-p 00000000 00:00 0 
7f2a13f4a000-7f2a13f4d000 ---p 00000000 00:00 0 
7f2a13f4d000-7f2a1404f000 rw-p 00000000 00:00 0                          [stack:14357]
7f2a1404f000-7f2a14057000 rw-s 00000000 ca:01 28842                      /tmp/hsperfdata_jenkins/14348
7f2a14057000-7f2a14058000 rw-p 00000000 00:00 0 
7f2a14058000-7f2a14059000 r--p 00000000 00:00 0 
7f2a14059000-7f2a1405b000 rw-p 00000000 00:00 0 
7f2a1405b000-7f2a1405c000 r--p 00022000 ca:01 396038                     /lib/x86_64-linux-gnu/ld-2.19.so
7f2a1405c000-7f2a1405d000 rw-p 00023000 ca:01 396038                     /lib/x86_64-linux-gnu/ld-2.19.so
7f2a1405d000-7f2a1405e000 rw-p 00000000 00:00 0 
7fff5f122000-7fff5f143000 rw-p 00000000 00:00 0                          [stack]
7fff5f14b000-7fff5f14d000 r-xp 00000000 00:00 0                          [vdso]
ffffffffff600000-ffffffffff601000 r-xp 00000000 00:00 0                  [vsyscall]

VM Arguments:
jvm_args: -Dmaven.home=/var/lib/jenkins/workspace -Dmaven.multiModuleProjectDirectory=/var/lib/jenkins/workspace/Auth-Service-Build 
java_command: org.apache.maven.wrapper.MavenWrapperMain clean install
java_class_path (initial): /var/lib/jenkins/workspace/Auth-Service-Build/.mvn/wrapper/maven-wrapper.jar
Launcher Type: SUN_STANDARD

Environment Variables:
JAVA_HOME=/usr/lib/jvm/java-8-oracle
PATH=/usr/local/bin:/usr/bin:/bin:/usr/local/games:/usr/games:/usr/lib/jvm/java-8-oracle/bin:/usr/lib/jvm/java-8-oracle/db/bin:/usr/lib/jvm/java-8-oracle/jre/bin
SHELL=/bin/bash

Signal Handlers:
SIGSEGV: [libjvm.so+0xac64b0], sa_mask[0]=11111111011111111101111111111110, sa_flags=SA_RESTART|SA_SIGINFO
SIGBUS: [libjvm.so+0xac64b0], sa_mask[0]=11111111011111111101111111111110, sa_flags=SA_RESTART|SA_SIGINFO
SIGFPE: [libjvm.so+0x91f950], sa_mask[0]=11111111011111111101111111111110, sa_flags=SA_RESTART|SA_SIGINFO
SIGPIPE: [libjvm.so+0x91f950], sa_mask[0]=11111111011111111101111111111110, sa_flags=SA_RESTART|SA_SIGINFO
SIGXFSZ: [libjvm.so+0x91f950], sa_mask[0]=11111111011111111101111111111110, sa_flags=SA_RESTART|SA_SIGINFO
SIGILL: [libjvm.so+0x91f950], sa_mask[0]=11111111011111111101111111111110, sa_flags=SA_RESTART|SA_SIGINFO
SIGUSR1: SIG_DFL, sa_mask[0]=00000000000000000000000000000000, sa_flags=none
SIGUSR2: [libjvm.so+0x920f80], sa_mask[0]=00100000000000000000000000000000, sa_flags=SA_RESTART|SA_SIGINFO
SIGHUP: SIG_IGN, sa_mask[0]=00000000000000000000000000000000, sa_flags=none
SIGINT: [libjvm.so+0x922380], sa_mask[0]=11111111011111111101111111111110, sa_flags=SA_RESTART|SA_SIGINFO
SIGTERM: [libjvm.so+0x922380], sa_mask[0]=11111111011111111101111111111110, sa_flags=SA_RESTART|SA_SIGINFO
SIGQUIT: [libjvm.so+0x922380], sa_mask[0]=11111111011111111101111111111110, sa_flags=SA_RESTART|SA_SIGINFO


---------------  S Y S T E M  ---------------

OS:DISTRIB_ID=Ubuntu
DISTRIB_RELEASE=14.04
DISTRIB_CODENAME=trusty
DISTRIB_DESCRIPTION="Ubuntu 14.04.4 LTS"

uname:Linux 3.13.0-92-generic #139-Ubuntu SMP Tue Jun 28 20:42:26 UTC 2016 x86_64
libc:glibc 2.19 NPTL 2.19 
rlimit: STACK 8192k, CORE 0k, NPROC 7862, NOFILE 8192, AS infinity
load average:0.49 0.14 0.08

/proc/meminfo:
MemTotal:        1016304 kB
MemFree:           55116 kB
Buffers:             360 kB
Cached:            10844 kB
SwapCached:            0 kB
Active:           895796 kB
Inactive:          10716 kB
Active(anon):     895452 kB
Inactive(anon):      312 kB
Active(file):        344 kB
Inactive(file):    10404 kB
Unevictable:           0 kB
Mlocked:               0 kB
SwapTotal:             0 kB
SwapFree:              0 kB
Dirty:               104 kB
Writeback:             0 kB
AnonPages:        895312 kB
Mapped:              844 kB
Shmem:               420 kB
Slab:              25556 kB
SReclaimable:      11708 kB
SUnreclaim:        13848 kB
KernelStack:        2256 kB
PageTables:         5264 kB
NFS_Unstable:          0 kB
Bounce:                0 kB
WritebackTmp:          0 kB
CommitLimit:      508152 kB
Committed_AS:    1404240 kB
VmallocTotal:   34359738367 kB
VmallocUsed:       12712 kB
VmallocChunk:   34359715704 kB
HardwareCorrupted:     0 kB
AnonHugePages:    485376 kB
HugePages_Total:       0
HugePages_Free:        0
HugePages_Rsvd:        0
HugePages_Surp:        0
Hugepagesize:       2048 kB
DirectMap4k:       47104 kB
DirectMap2M:     1132544 kB


CPU:total 1 (1 cores per cpu, 1 threads per core) family 6 model 63 stepping 2, cmov, cx8, fxsr, mmx, sse, sse2, sse3, ssse3, sse4.1, sse4.2, popcnt, avx, avx2, aes, clmul, erms, lzcnt, tsc, bmi1, bmi2

/proc/cpuinfo:
processor	: 0
vendor_id	: GenuineIntel
cpu family	: 6
model		: 63
model name	: Intel(R) Xeon(R) CPU E5-2676 v3 @ 2.40GHz
stepping	: 2
microcode	: 0x25
cpu MHz		: 2400.062
cache size	: 30720 KB
physical id	: 0
siblings	: 1
core id		: 0
cpu cores	: 1
apicid		: 0
initial apicid	: 0
fpu		: yes
fpu_exception	: yes
cpuid level	: 13
wp		: yes
flags		: fpu vme de pse tsc msr pae mce cx8 apic sep mtrr pge mca cmov pat pse36 clflush mmx fxsr sse sse2 ht syscall nx rdtscp lm constant_tsc rep_good nopl xtopology eagerfpu pni pclmulqdq ssse3 fma cx16 pcid sse4_1 sse4_2 x2apic movbe popcnt tsc_deadline_timer aes xsave avx f16c rdrand hypervisor lahf_lm abm xsaveopt fsgsbase bmi1 avx2 smep bmi2 erms invpcid
bogomips	: 4800.12
clflush size	: 64
cache_alignment	: 64
address sizes	: 46 bits physical, 48 bits virtual
power management:



Memory: 4k page, physical 1016304k(55116k free), swap 0k(0k free)

vm_info: Java HotSpot(TM) 64-Bit Server VM (25.111-b14) for linux-amd64 JRE (1.8.0_111-b14), built on Sep 22 2016 16:14:03 by "java_re" with gcc 4.3.0 20080428 (Red Hat 4.3.0-8)

time: Thu Nov 24 19:57:27 2016
elapsed time: 8 seconds (0d 0h 0m 8s)

